running egg_info
creating ../../../build/a_star_tb3/a_star_tb3.egg-info
writing ../../../build/a_star_tb3/a_star_tb3.egg-info/PKG-INFO
writing dependency_links to ../../../build/a_star_tb3/a_star_tb3.egg-info/dependency_links.txt
writing entry points to ../../../build/a_star_tb3/a_star_tb3.egg-info/entry_points.txt
writing requirements to ../../../build/a_star_tb3/a_star_tb3.egg-info/requires.txt
writing top-level names to ../../../build/a_star_tb3/a_star_tb3.egg-info/top_level.txt
writing manifest file '../../../build/a_star_tb3/a_star_tb3.egg-info/SOURCES.txt'
reading manifest file '../../../build/a_star_tb3/a_star_tb3.egg-info/SOURCES.txt'
writing manifest file '../../../build/a_star_tb3/a_star_tb3.egg-info/SOURCES.txt'
running build
running build_py
creating /home/ahmadaw/MAPF_RoboSim/ros2_ws/build/a_star_tb3/build
creating /home/ahmadaw/MAPF_RoboSim/ros2_ws/build/a_star_tb3/build/lib
creating /home/ahmadaw/MAPF_RoboSim/ros2_ws/build/a_star_tb3/build/lib/a_star_tb3
copying a_star_tb3/__init__.py -> /home/ahmadaw/MAPF_RoboSim/ros2_ws/build/a_star_tb3/build/lib/a_star_tb3
copying a_star_tb3/a_star_tb3_script.py -> /home/ahmadaw/MAPF_RoboSim/ros2_ws/build/a_star_tb3/build/lib/a_star_tb3
running install
running install_lib
creating /home/ahmadaw/MAPF_RoboSim/ros2_ws/install/a_star_tb3/lib/python3.10/site-packages/a_star_tb3
copying /home/ahmadaw/MAPF_RoboSim/ros2_ws/build/a_star_tb3/build/lib/a_star_tb3/__init__.py -> /home/ahmadaw/MAPF_RoboSim/ros2_ws/install/a_star_tb3/lib/python3.10/site-packages/a_star_tb3
copying /home/ahmadaw/MAPF_RoboSim/ros2_ws/build/a_star_tb3/build/lib/a_star_tb3/a_star_tb3_script.py -> /home/ahmadaw/MAPF_RoboSim/ros2_ws/install/a_star_tb3/lib/python3.10/site-packages/a_star_tb3
byte-compiling /home/ahmadaw/MAPF_RoboSim/ros2_ws/install/a_star_tb3/lib/python3.10/site-packages/a_star_tb3/__init__.py to __init__.cpython-310.pyc
byte-compiling /home/ahmadaw/MAPF_RoboSim/ros2_ws/install/a_star_tb3/lib/python3.10/site-packages/a_star_tb3/a_star_tb3_script.py to a_star_tb3_script.cpython-310.pyc
running install_data
creating /home/ahmadaw/MAPF_RoboSim/ros2_ws/install/a_star_tb3/share/ament_index
creating /home/ahmadaw/MAPF_RoboSim/ros2_ws/install/a_star_tb3/share/ament_index/resource_index
creating /home/ahmadaw/MAPF_RoboSim/ros2_ws/install/a_star_tb3/share/ament_index/resource_index/packages
copying resource/a_star_tb3 -> /home/ahmadaw/MAPF_RoboSim/ros2_ws/install/a_star_tb3/share/ament_index/resource_index/packages
copying package.xml -> /home/ahmadaw/MAPF_RoboSim/ros2_ws/install/a_star_tb3/share/a_star_tb3
creating /home/ahmadaw/MAPF_RoboSim/ros2_ws/install/a_star_tb3/share/a_star_tb3/worlds
copying worlds/map.world -> /home/ahmadaw/MAPF_RoboSim/ros2_ws/install/a_star_tb3/share/a_star_tb3/worlds
copying launch/empty_world.launch.py -> /home/ahmadaw/MAPF_RoboSim/ros2_ws/install/a_star_tb3/share/a_star_tb3
running install_egg_info
Copying ../../../build/a_star_tb3/a_star_tb3.egg-info to /home/ahmadaw/MAPF_RoboSim/ros2_ws/install/a_star_tb3/lib/python3.10/site-packages/a_star_tb3-0.0.0-py3.10.egg-info
running install_scripts
Installing a_star_tb3_script.py script to /home/ahmadaw/MAPF_RoboSim/ros2_ws/install/a_star_tb3/lib/a_star_tb3
writing list of installed files to '/home/ahmadaw/MAPF_RoboSim/ros2_ws/build/a_star_tb3/install.log'
