[1.204s] Invoking command in '/home/ahmadaw/MAPF_RoboSim/ros2_ws/src/Implementation-of-A-star-algorithm-for-path-planning-of-Turtlebot-in-an-obstacle-environment/a_star_tb3': PYTHONPATH=/home/ahmadaw/MAPF_RoboSim/ros2_ws/build/a_star_tb3/prefix_override:/usr/lib/python3/dist-packages/colcon_core/task/python/colcon_distutils_commands:/home/ahmadaw/MAPF_RoboSim/ros2_ws/install/a_star_tb3/lib/python3.10/site-packages:${PYTHONPATH} /usr/bin/python3 -W ignore:setup.py install is deprecated -W ignore:easy_install command is deprecated setup.py egg_info --egg-base ../../../build/a_star_tb3 build --build-base /home/ahmadaw/MAPF_RoboSim/ros2_ws/build/a_star_tb3/build install --record /home/ahmadaw/MAPF_RoboSim/ros2_ws/build/a_star_tb3/install.log --single-version-externally-managed install_data
[1.520s] running egg_info
[1.521s] creating ../../../build/a_star_tb3/a_star_tb3.egg-info
[1.521s] writing ../../../build/a_star_tb3/a_star_tb3.egg-info/PKG-INFO
[1.522s] writing dependency_links to ../../../build/a_star_tb3/a_star_tb3.egg-info/dependency_links.txt
[1.522s] writing entry points to ../../../build/a_star_tb3/a_star_tb3.egg-info/entry_points.txt
[1.523s] writing requirements to ../../../build/a_star_tb3/a_star_tb3.egg-info/requires.txt
[1.523s] writing top-level names to ../../../build/a_star_tb3/a_star_tb3.egg-info/top_level.txt
[1.523s] writing manifest file '../../../build/a_star_tb3/a_star_tb3.egg-info/SOURCES.txt'
[1.527s] reading manifest file '../../../build/a_star_tb3/a_star_tb3.egg-info/SOURCES.txt'
[1.528s] writing manifest file '../../../build/a_star_tb3/a_star_tb3.egg-info/SOURCES.txt'
[1.528s] running build
[1.528s] running build_py
[1.528s] creating /home/ahmadaw/MAPF_RoboSim/ros2_ws/build/a_star_tb3/build
[1.528s] creating /home/ahmadaw/MAPF_RoboSim/ros2_ws/build/a_star_tb3/build/lib
[1.529s] creating /home/ahmadaw/MAPF_RoboSim/ros2_ws/build/a_star_tb3/build/lib/a_star_tb3
[1.529s] copying a_star_tb3/__init__.py -> /home/ahmadaw/MAPF_RoboSim/ros2_ws/build/a_star_tb3/build/lib/a_star_tb3
[1.529s] copying a_star_tb3/a_star_tb3_script.py -> /home/ahmadaw/MAPF_RoboSim/ros2_ws/build/a_star_tb3/build/lib/a_star_tb3
[1.530s] running install
[1.530s] running install_lib
[1.531s] creating /home/ahmadaw/MAPF_RoboSim/ros2_ws/install/a_star_tb3/lib/python3.10/site-packages/a_star_tb3
[1.532s] copying /home/ahmadaw/MAPF_RoboSim/ros2_ws/build/a_star_tb3/build/lib/a_star_tb3/__init__.py -> /home/ahmadaw/MAPF_RoboSim/ros2_ws/install/a_star_tb3/lib/python3.10/site-packages/a_star_tb3
[1.532s] copying /home/ahmadaw/MAPF_RoboSim/ros2_ws/build/a_star_tb3/build/lib/a_star_tb3/a_star_tb3_script.py -> /home/ahmadaw/MAPF_RoboSim/ros2_ws/install/a_star_tb3/lib/python3.10/site-packages/a_star_tb3
[1.532s] byte-compiling /home/ahmadaw/MAPF_RoboSim/ros2_ws/install/a_star_tb3/lib/python3.10/site-packages/a_star_tb3/__init__.py to __init__.cpython-310.pyc
[1.533s] byte-compiling /home/ahmadaw/MAPF_RoboSim/ros2_ws/install/a_star_tb3/lib/python3.10/site-packages/a_star_tb3/a_star_tb3_script.py to a_star_tb3_script.cpython-310.pyc
[1.537s] running install_data
[1.537s] creating /home/ahmadaw/MAPF_RoboSim/ros2_ws/install/a_star_tb3/share/ament_index
[1.537s] creating /home/ahmadaw/MAPF_RoboSim/ros2_ws/install/a_star_tb3/share/ament_index/resource_index
[1.538s] creating /home/ahmadaw/MAPF_RoboSim/ros2_ws/install/a_star_tb3/share/ament_index/resource_index/packages
[1.538s] copying resource/a_star_tb3 -> /home/ahmadaw/MAPF_RoboSim/ros2_ws/install/a_star_tb3/share/ament_index/resource_index/packages
[1.538s] copying package.xml -> /home/ahmadaw/MAPF_RoboSim/ros2_ws/install/a_star_tb3/share/a_star_tb3
[1.538s] creating /home/ahmadaw/MAPF_RoboSim/ros2_ws/install/a_star_tb3/share/a_star_tb3/worlds
[1.538s] copying worlds/map.world -> /home/ahmadaw/MAPF_RoboSim/ros2_ws/install/a_star_tb3/share/a_star_tb3/worlds
[1.539s] copying launch/empty_world.launch.py -> /home/ahmadaw/MAPF_RoboSim/ros2_ws/install/a_star_tb3/share/a_star_tb3
[1.539s] running install_egg_info
[1.540s] Copying ../../../build/a_star_tb3/a_star_tb3.egg-info to /home/ahmadaw/MAPF_RoboSim/ros2_ws/install/a_star_tb3/lib/python3.10/site-packages/a_star_tb3-0.0.0-py3.10.egg-info
[1.541s] running install_scripts
[1.569s] Installing a_star_tb3_script.py script to /home/ahmadaw/MAPF_RoboSim/ros2_ws/install/a_star_tb3/lib/a_star_tb3
[1.569s] writing list of installed files to '/home/ahmadaw/MAPF_RoboSim/ros2_ws/build/a_star_tb3/install.log'
[1.610s] Invoked command in '/home/ahmadaw/MAPF_RoboSim/ros2_ws/src/Implementation-of-A-star-algorithm-for-path-planning-of-Turtlebot-in-an-obstacle-environment/a_star_tb3' returned '0': PYTHONPATH=/home/ahmadaw/MAPF_RoboSim/ros2_ws/build/a_star_tb3/prefix_override:/usr/lib/python3/dist-packages/colcon_core/task/python/colcon_distutils_commands:/home/ahmadaw/MAPF_RoboSim/ros2_ws/install/a_star_tb3/lib/python3.10/site-packages:${PYTHONPATH} /usr/bin/python3 -W ignore:setup.py install is deprecated -W ignore:easy_install command is deprecated setup.py egg_info --egg-base ../../../build/a_star_tb3 build --build-base /home/ahmadaw/MAPF_RoboSim/ros2_ws/build/a_star_tb3/build install --record /home/ahmadaw/MAPF_RoboSim/ros2_ws/build/a_star_tb3/install.log --single-version-externally-managed install_data
