[0.771s] Invoking command in '/home/ahmadaw/MAPF_RoboSim/ros2_ws/src/Implementation-of-A-star-algorithm-for-path-planning-of-Turtlebot-in-an-obstacle-environment/a_star_tb3': PYTHONPATH=/home/ahmadaw/MAPF_RoboSim/ros2_ws/build/a_star_tb3/prefix_override:/usr/lib/python3/dist-packages/colcon_core/task/python/colcon_distutils_commands:/home/ahmadaw/MAPF_RoboSim/ros2_ws/install/a_star_tb3/lib/python3.10/site-packages:${PYTHONPATH} /usr/bin/python3 -W ignore:setup.py install is deprecated -W ignore:easy_install command is deprecated setup.py egg_info --egg-base ../../../build/a_star_tb3 build --build-base /home/ahmadaw/MAPF_RoboSim/ros2_ws/build/a_star_tb3/build install --record /home/ahmadaw/MAPF_RoboSim/ros2_ws/build/a_star_tb3/install.log --single-version-externally-managed install_data
[0.978s] running egg_info
[0.979s] writing ../../../build/a_star_tb3/a_star_tb3.egg-info/PKG-INFO
[0.980s] writing dependency_links to ../../../build/a_star_tb3/a_star_tb3.egg-info/dependency_links.txt
[0.980s] writing entry points to ../../../build/a_star_tb3/a_star_tb3.egg-info/entry_points.txt
[0.980s] writing requirements to ../../../build/a_star_tb3/a_star_tb3.egg-info/requires.txt
[0.980s] writing top-level names to ../../../build/a_star_tb3/a_star_tb3.egg-info/top_level.txt
[0.982s] reading manifest file '../../../build/a_star_tb3/a_star_tb3.egg-info/SOURCES.txt'
[0.983s] writing manifest file '../../../build/a_star_tb3/a_star_tb3.egg-info/SOURCES.txt'
[0.983s] running build
[0.983s] running build_py
[0.983s] running install
[0.983s] running install_lib
[0.985s] running install_data
[0.985s] running install_egg_info
[0.987s] removing '/home/ahmadaw/MAPF_RoboSim/ros2_ws/install/a_star_tb3/lib/python3.10/site-packages/a_star_tb3-0.0.0-py3.10.egg-info' (and everything under it)
[0.987s] Copying ../../../build/a_star_tb3/a_star_tb3.egg-info to /home/ahmadaw/MAPF_RoboSim/ros2_ws/install/a_star_tb3/lib/python3.10/site-packages/a_star_tb3-0.0.0-py3.10.egg-info
[0.988s] running install_scripts
[1.008s] Installing a_star_tb3_script.py script to /home/ahmadaw/MAPF_RoboSim/ros2_ws/install/a_star_tb3/lib/a_star_tb3
[1.009s] writing list of installed files to '/home/ahmadaw/MAPF_RoboSim/ros2_ws/build/a_star_tb3/install.log'
[1.032s] Invoked command in '/home/ahmadaw/MAPF_RoboSim/ros2_ws/src/Implementation-of-A-star-algorithm-for-path-planning-of-Turtlebot-in-an-obstacle-environment/a_star_tb3' returned '0': PYTHONPATH=/home/ahmadaw/MAPF_RoboSim/ros2_ws/build/a_star_tb3/prefix_override:/usr/lib/python3/dist-packages/colcon_core/task/python/colcon_distutils_commands:/home/ahmadaw/MAPF_RoboSim/ros2_ws/install/a_star_tb3/lib/python3.10/site-packages:${PYTHONPATH} /usr/bin/python3 -W ignore:setup.py install is deprecated -W ignore:easy_install command is deprecated setup.py egg_info --egg-base ../../../build/a_star_tb3 build --build-base /home/ahmadaw/MAPF_RoboSim/ros2_ws/build/a_star_tb3/build install --record /home/ahmadaw/MAPF_RoboSim/ros2_ws/build/a_star_tb3/install.log --single-version-externally-managed install_data
