[0.367s] Invoking command in '/home/ahmadaw/MAPF_RoboSim/ros2_ws/build/turtlesim': CMAKE_PREFIX_PATH=${CMAKE_PREFIX_PATH}:/home/ahmadaw/turtlebot3_ws/install/turtlebot3_teleop:/home/ahmadaw/turtlebot3_ws/install/turtlebot3_example:/home/ahmadaw/ros2_ws/install/a_star_tb3:/opt/ros/humble /usr/bin/cmake /home/ahmadaw/MAPF_RoboSim/ros2_ws/src/ros_tutorials/turtlesim -DCMAKE_INSTALL_PREFIX=/home/ahmadaw/MAPF_RoboSim/ros2_ws/install/turtlesim
[0.773s] -- The C compiler identification is GNU 11.4.0
[1.844s] -- The CXX compiler identification is GNU 11.4.0
[2.575s] -- Detecting C compiler ABI info
[2.763s] -- Detecting C compiler ABI info - done
[2.775s] -- Check for working C compiler: /usr/bin/cc - skipped
[2.775s] -- Detecting C compile features
[2.776s] -- Detecting C compile features - done
[2.780s] -- Detecting CXX compiler ABI info
[2.972s] -- Detecting CXX compiler ABI info - done
[2.979s] -- Check for working CXX compiler: /usr/bin/c++ - skipped
[2.980s] -- Detecting CXX compile features
[2.980s] -- Detecting CXX compile features - done
[3.001s] -- Found ament_cmake: 1.3.10 (/opt/ros/humble/share/ament_cmake/cmake)
[3.194s] -- Found Python3: /usr/bin/python3 (found version "3.10.12") found components: Interpreter 
[3.394s] -- Found ament_index_cpp: 1.4.0 (/opt/ros/humble/share/ament_index_cpp/cmake)
[3.400s] -- Found geometry_msgs: 4.2.4 (/opt/ros/humble/share/geometry_msgs/cmake)
[3.758s] -- Found rosidl_generator_c: 3.1.5 (/opt/ros/humble/share/rosidl_generator_c/cmake)
[3.771s] -- Found rosidl_adapter: 3.1.5 (/opt/ros/humble/share/rosidl_adapter/cmake)
[3.790s] -- Found rosidl_generator_cpp: 3.1.5 (/opt/ros/humble/share/rosidl_generator_cpp/cmake)
[3.819s] -- Using all available rosidl_typesupport_c: rosidl_typesupport_fastrtps_c;rosidl_typesupport_introspection_c
[3.851s] -- Using all available rosidl_typesupport_cpp: rosidl_typesupport_fastrtps_cpp;rosidl_typesupport_introspection_cpp
[4.145s] -- Found rclcpp: 16.0.10 (/opt/ros/humble/share/rclcpp/cmake)
[4.238s] -- Found rmw_implementation_cmake: 6.1.2 (/opt/ros/humble/share/rmw_implementation_cmake/cmake)
[4.246s] -- Found rmw_fastrtps_cpp: 6.2.7 (/opt/ros/humble/share/rmw_fastrtps_cpp/cmake)
[7.381s] -- Found OpenSSL: /usr/lib/x86_64-linux-gnu/libcrypto.so (found version "3.0.2")  
[10.558s] -- Found FastRTPS: /opt/ros/humble/include  
[15.592s] -- Using RMW implementation 'rmw_fastrtps_cpp' as default
[15.611s] -- Looking for pthread.h
[15.917s] -- Looking for pthread.h - found
[15.917s] -- Performing Test CMAKE_HAVE_LIBC_PTHREAD
[16.231s] -- Performing Test CMAKE_HAVE_LIBC_PTHREAD - Success
[16.232s] -- Found Threads: TRUE  
[16.329s] -- Found rclcpp_action: 16.0.10 (/opt/ros/humble/share/rclcpp_action/cmake)
[16.436s] -- Found rosidl_default_generators: 1.2.0 (/opt/ros/humble/share/rosidl_default_generators/cmake)
[16.466s] -- Found std_srvs: 4.2.4 (/opt/ros/humble/share/std_srvs/cmake)
[17.006s] -- Found ament_cmake_ros: 0.10.0 (/opt/ros/humble/share/ament_cmake_ros/cmake)
[17.546s] -- Using all available rosidl_typesupport_c: rosidl_typesupport_fastrtps_c;rosidl_typesupport_introspection_c
[17.714s] -- Using all available rosidl_typesupport_cpp: rosidl_typesupport_fastrtps_cpp;rosidl_typesupport_introspection_cpp
[18.043s] -- Found PythonInterp: /usr/bin/python3 (found suitable version "3.10.12", minimum required is "3.6") 
[18.055s] -- Found python_cmake_module: 0.10.0 (/opt/ros/humble/share/python_cmake_module/cmake)
[19.089s] -- Found PythonLibs: /usr/lib/x86_64-linux-gnu/libpython3.10.so (found suitable version "3.10.12", minimum required is "3.5") 
[19.089s] -- Using PYTHON_EXECUTABLE: /usr/bin/python3
[19.090s] -- Using PYTHON_INCLUDE_DIRS: /usr/include/python3.10
[19.090s] -- Using PYTHON_LIBRARIES: /usr/lib/x86_64-linux-gnu/libpython3.10.so
[19.119s] -- Found PythonExtra: .so  
[19.291s] -- Configuring done
[19.383s] -- Generating done
[19.413s] -- Build files have been written to: /home/ahmadaw/MAPF_RoboSim/ros2_ws/build/turtlesim
[19.435s] Invoked command in '/home/ahmadaw/MAPF_RoboSim/ros2_ws/build/turtlesim' returned '0': CMAKE_PREFIX_PATH=${CMAKE_PREFIX_PATH}:/home/ahmadaw/turtlebot3_ws/install/turtlebot3_teleop:/home/ahmadaw/turtlebot3_ws/install/turtlebot3_example:/home/ahmadaw/ros2_ws/install/a_star_tb3:/opt/ros/humble /usr/bin/cmake /home/ahmadaw/MAPF_RoboSim/ros2_ws/src/ros_tutorials/turtlesim -DCMAKE_INSTALL_PREFIX=/home/ahmadaw/MAPF_RoboSim/ros2_ws/install/turtlesim
[19.435s] Invoking command in '/home/ahmadaw/MAPF_RoboSim/ros2_ws/build/turtlesim': CMAKE_PREFIX_PATH=${CMAKE_PREFIX_PATH}:/home/ahmadaw/turtlebot3_ws/install/turtlebot3_teleop:/home/ahmadaw/turtlebot3_ws/install/turtlebot3_example:/home/ahmadaw/ros2_ws/install/a_star_tb3:/opt/ros/humble /usr/bin/cmake --build /home/ahmadaw/MAPF_RoboSim/ros2_ws/build/turtlesim -- -j8 -l8
[19.484s] [  1%] [34m[1mGenerating C code for ROS interfaces[0m
[19.498s] [  2%] [34m[1mGenerating C++ code for ROS interfaces[0m
[19.512s] [  2%] Built target ament_cmake_python_copy_turtlesim
[19.865s] running egg_info
[19.867s] creating turtlesim.egg-info
[19.867s] writing turtlesim.egg-info/PKG-INFO
[19.867s] writing dependency_links to turtlesim.egg-info/dependency_links.txt
[19.868s] writing top-level names to turtlesim.egg-info/top_level.txt
[19.868s] writing manifest file 'turtlesim.egg-info/SOURCES.txt'
[19.872s] reading manifest file 'turtlesim.egg-info/SOURCES.txt'
[19.873s] writing manifest file 'turtlesim.egg-info/SOURCES.txt'
[19.909s] [  2%] Built target ament_cmake_python_build_turtlesim_egg
[20.929s] [  2%] Built target turtlesim__cpp
[20.937s] [  3%] [32mBuilding C object CMakeFiles/turtlesim__rosidl_generator_c.dir/rosidl_generator_c/turtlesim/srv/detail/set_pen__functions.c.o[0m
[20.937s] [  4%] [32mBuilding C object CMakeFiles/turtlesim__rosidl_generator_c.dir/rosidl_generator_c/turtlesim/srv/detail/kill__functions.c.o[0m
[20.937s] [  5%] [32mBuilding C object CMakeFiles/turtlesim__rosidl_generator_c.dir/rosidl_generator_c/turtlesim/msg/detail/color__functions.c.o[0m
[20.938s] [  6%] [32mBuilding C object CMakeFiles/turtlesim__rosidl_generator_c.dir/rosidl_generator_c/turtlesim/msg/detail/pose__functions.c.o[0m
[20.938s] [  7%] [32mBuilding C object CMakeFiles/turtlesim__rosidl_generator_c.dir/rosidl_generator_c/turtlesim/srv/detail/teleport_absolute__functions.c.o[0m
[20.939s] [  8%] [32mBuilding C object CMakeFiles/turtlesim__rosidl_generator_c.dir/rosidl_generator_c/turtlesim/action/detail/rotate_absolute__functions.c.o[0m
[20.941s] [  9%] [32mBuilding C object CMakeFiles/turtlesim__rosidl_generator_c.dir/rosidl_generator_c/turtlesim/srv/detail/spawn__functions.c.o[0m
[20.949s] [ 10%] [34m[1mGenerating C++ type support dispatch for ROS interfaces[0m
[21.046s] [ 11%] [32mBuilding C object CMakeFiles/turtlesim__rosidl_generator_c.dir/rosidl_generator_c/turtlesim/srv/detail/teleport_relative__functions.c.o[0m
[21.056s] [ 12%] [34m[1mGenerating C++ type support for eProsima Fast-RTPS[0m
[21.069s] [ 13%] [34m[1mGenerating C++ introspection for ROS interfaces[0m
[21.172s] [ 14%] [32m[1mLinking C shared library libturtlesim__rosidl_generator_c.so[0m
[21.359s] [ 14%] Built target turtlesim__rosidl_generator_c
[21.372s] [ 15%] [34m[1mGenerating C type support dispatch for ROS interfaces[0m
[21.374s] [ 16%] [34m[1mGenerating C type support for eProsima Fast-RTPS[0m
[21.374s] [ 17%] [34m[1mGenerating C introspection for ROS interfaces[0m
[21.954s] [ 18%] [32mBuilding CXX object CMakeFiles/turtlesim__rosidl_typesupport_cpp.dir/rosidl_typesupport_cpp/turtlesim/action/rotate_absolute__type_support.cpp.o[0m
[21.958s] [ 19%] [32mBuilding CXX object CMakeFiles/turtlesim__rosidl_typesupport_cpp.dir/rosidl_typesupport_cpp/turtlesim/msg/color__type_support.cpp.o[0m
[21.962s] [ 20%] [32mBuilding CXX object CMakeFiles/turtlesim__rosidl_typesupport_cpp.dir/rosidl_typesupport_cpp/turtlesim/msg/pose__type_support.cpp.o[0m
[22.620s] [ 21%] [32mBuilding CXX object CMakeFiles/turtlesim__rosidl_typesupport_cpp.dir/rosidl_typesupport_cpp/turtlesim/srv/kill__type_support.cpp.o[0m
[22.628s] [ 22%] [32mBuilding CXX object CMakeFiles/turtlesim__rosidl_typesupport_cpp.dir/rosidl_typesupport_cpp/turtlesim/srv/set_pen__type_support.cpp.o[0m
[22.635s] [ 23%] [32mBuilding CXX object CMakeFiles/turtlesim__rosidl_typesupport_c.dir/rosidl_typesupport_c/turtlesim/action/rotate_absolute__type_support.cpp.o[0m
[22.668s] [ 24%] [32mBuilding CXX object CMakeFiles/turtlesim__rosidl_typesupport_introspection_cpp.dir/rosidl_typesupport_introspection_cpp/turtlesim/action/detail/rotate_absolute__type_support.cpp.o[0m
[22.739s] [ 25%] [32mBuilding CXX object CMakeFiles/turtlesim__rosidl_typesupport_c.dir/rosidl_typesupport_c/turtlesim/msg/color__type_support.cpp.o[0m
[22.793s] [ 26%] [32mBuilding CXX object CMakeFiles/turtlesim__rosidl_typesupport_c.dir/rosidl_typesupport_c/turtlesim/msg/pose__type_support.cpp.o[0m
[22.842s] [ 27%] [32mBuilding CXX object CMakeFiles/turtlesim__rosidl_typesupport_c.dir/rosidl_typesupport_c/turtlesim/srv/kill__type_support.cpp.o[0m
[22.897s] [ 28%] [32mBuilding CXX object CMakeFiles/turtlesim__rosidl_typesupport_c.dir/rosidl_typesupport_c/turtlesim/srv/set_pen__type_support.cpp.o[0m
[22.953s] [ 29%] [32mBuilding CXX object CMakeFiles/turtlesim__rosidl_typesupport_c.dir/rosidl_typesupport_c/turtlesim/srv/spawn__type_support.cpp.o[0m
[22.974s] [ 30%] [32mBuilding CXX object CMakeFiles/turtlesim__rosidl_typesupport_fastrtps_cpp.dir/rosidl_typesupport_fastrtps_cpp/turtlesim/action/detail/dds_fastrtps/rotate_absolute__type_support.cpp.o[0m
[23.027s] [ 31%] [32mBuilding CXX object CMakeFiles/turtlesim__rosidl_typesupport_c.dir/rosidl_typesupport_c/turtlesim/srv/teleport_absolute__type_support.cpp.o[0m
[23.075s] [ 32%] [32mBuilding CXX object CMakeFiles/turtlesim__rosidl_typesupport_fastrtps_cpp.dir/rosidl_typesupport_fastrtps_cpp/turtlesim/msg/detail/dds_fastrtps/color__type_support.cpp.o[0m
[23.114s] [ 33%] [32mBuilding CXX object CMakeFiles/turtlesim__rosidl_typesupport_c.dir/rosidl_typesupport_c/turtlesim/srv/teleport_relative__type_support.cpp.o[0m
[23.167s] [ 34%] [32m[1mLinking CXX shared library libturtlesim__rosidl_typesupport_c.so[0m
[23.184s] [ 35%] [32mBuilding CXX object CMakeFiles/turtlesim__rosidl_typesupport_cpp.dir/rosidl_typesupport_cpp/turtlesim/srv/spawn__type_support.cpp.o[0m
[23.195s] [ 36%] [32mBuilding CXX object CMakeFiles/turtlesim__rosidl_typesupport_cpp.dir/rosidl_typesupport_cpp/turtlesim/srv/teleport_absolute__type_support.cpp.o[0m
[23.265s] [ 37%] [32mBuilding C object CMakeFiles/turtlesim__rosidl_typesupport_introspection_c.dir/rosidl_typesupport_introspection_c/turtlesim/action/detail/rotate_absolute__type_support.c.o[0m
[23.368s] [ 38%] [32mBuilding C object CMakeFiles/turtlesim__rosidl_typesupport_introspection_c.dir/rosidl_typesupport_introspection_c/turtlesim/msg/detail/color__type_support.c.o[0m
[23.373s] [ 38%] Built target turtlesim__rosidl_typesupport_c
[23.384s] [ 39%] [32mBuilding CXX object CMakeFiles/turtlesim__rosidl_typesupport_fastrtps_c.dir/rosidl_typesupport_fastrtps_c/turtlesim/action/detail/rotate_absolute__type_support_c.cpp.o[0m
[23.393s] [ 40%] [32mBuilding CXX object CMakeFiles/turtlesim__rosidl_typesupport_cpp.dir/rosidl_typesupport_cpp/turtlesim/srv/teleport_relative__type_support.cpp.o[0m
[23.434s] [ 41%] [32mBuilding C object CMakeFiles/turtlesim__rosidl_typesupport_introspection_c.dir/rosidl_typesupport_introspection_c/turtlesim/msg/detail/pose__type_support.c.o[0m
[23.492s] [ 42%] [32mBuilding C object CMakeFiles/turtlesim__rosidl_typesupport_introspection_c.dir/rosidl_typesupport_introspection_c/turtlesim/srv/detail/kill__type_support.c.o[0m
[23.568s] [ 43%] [32mBuilding C object CMakeFiles/turtlesim__rosidl_typesupport_introspection_c.dir/rosidl_typesupport_introspection_c/turtlesim/srv/detail/set_pen__type_support.c.o[0m
[23.649s] [ 44%] [32mBuilding C object CMakeFiles/turtlesim__rosidl_typesupport_introspection_c.dir/rosidl_typesupport_introspection_c/turtlesim/srv/detail/spawn__type_support.c.o[0m
[23.733s] [ 45%] [32mBuilding C object CMakeFiles/turtlesim__rosidl_typesupport_introspection_c.dir/rosidl_typesupport_introspection_c/turtlesim/srv/detail/teleport_absolute__type_support.c.o[0m
[23.793s] [ 46%] [32mBuilding CXX object CMakeFiles/turtlesim__rosidl_typesupport_fastrtps_c.dir/rosidl_typesupport_fastrtps_c/turtlesim/msg/detail/color__type_support_c.cpp.o[0m
[23.822s] [ 47%] [32mBuilding C object CMakeFiles/turtlesim__rosidl_typesupport_introspection_c.dir/rosidl_typesupport_introspection_c/turtlesim/srv/detail/teleport_relative__type_support.c.o[0m
[23.842s] [ 48%] [32mBuilding CXX object CMakeFiles/turtlesim__rosidl_typesupport_fastrtps_c.dir/rosidl_typesupport_fastrtps_c/turtlesim/msg/detail/pose__type_support_c.cpp.o[0m
[23.897s] [ 49%] [32m[1mLinking C shared library libturtlesim__rosidl_typesupport_introspection_c.so[0m
[24.008s] [ 50%] [32mBuilding CXX object CMakeFiles/turtlesim__rosidl_typesupport_fastrtps_cpp.dir/rosidl_typesupport_fastrtps_cpp/turtlesim/msg/detail/dds_fastrtps/pose__type_support.cpp.o[0m
[24.050s] [ 51%] [32m[1mLinking CXX shared library libturtlesim__rosidl_typesupport_cpp.so[0m
[24.225s] [ 51%] Built target turtlesim__rosidl_typesupport_introspection_c
[24.250s] [ 52%] [32mBuilding CXX object CMakeFiles/turtlesim__rosidl_typesupport_fastrtps_cpp.dir/rosidl_typesupport_fastrtps_cpp/turtlesim/srv/detail/dds_fastrtps/kill__type_support.cpp.o[0m
[24.264s] [ 53%] [32mBuilding CXX object CMakeFiles/turtlesim__rosidl_typesupport_introspection_cpp.dir/rosidl_typesupport_introspection_cpp/turtlesim/msg/detail/color__type_support.cpp.o[0m
[24.347s] [ 53%] Built target turtlesim__rosidl_typesupport_cpp
[24.369s] [ 54%] [34m[1mGenerating include/turtlesim/moc_turtle_frame.cpp[0m
[24.550s] [ 55%] [32mBuilding CXX object CMakeFiles/turtlesim__rosidl_typesupport_fastrtps_c.dir/rosidl_typesupport_fastrtps_c/turtlesim/srv/detail/kill__type_support_c.cpp.o[0m
[24.604s] [ 56%] [32mBuilding CXX object CMakeFiles/turtlesim__rosidl_typesupport_fastrtps_cpp.dir/rosidl_typesupport_fastrtps_cpp/turtlesim/srv/detail/dds_fastrtps/set_pen__type_support.cpp.o[0m
[24.716s] [ 57%] [32mBuilding CXX object CMakeFiles/turtlesim__rosidl_typesupport_fastrtps_c.dir/rosidl_typesupport_fastrtps_c/turtlesim/srv/detail/set_pen__type_support_c.cpp.o[0m
[24.756s] [ 58%] [32mBuilding CXX object CMakeFiles/turtlesim_node.dir/src/turtlesim.cpp.o[0m
[24.807s] [ 59%] [32mBuilding CXX object CMakeFiles/turtlesim__rosidl_typesupport_fastrtps_c.dir/rosidl_typesupport_fastrtps_c/turtlesim/srv/detail/spawn__type_support_c.cpp.o[0m
[25.273s] [ 60%] [32mBuilding CXX object CMakeFiles/turtlesim__rosidl_typesupport_fastrtps_cpp.dir/rosidl_typesupport_fastrtps_cpp/turtlesim/srv/detail/dds_fastrtps/spawn__type_support.cpp.o[0m
[25.310s] [ 61%] [32mBuilding CXX object CMakeFiles/turtlesim__rosidl_typesupport_fastrtps_cpp.dir/rosidl_typesupport_fastrtps_cpp/turtlesim/srv/detail/dds_fastrtps/teleport_absolute__type_support.cpp.o[0m
[25.471s] [ 62%] [32mBuilding CXX object CMakeFiles/turtlesim__rosidl_typesupport_introspection_cpp.dir/rosidl_typesupport_introspection_cpp/turtlesim/msg/detail/pose__type_support.cpp.o[0m
[25.617s] [ 63%] [32mBuilding CXX object CMakeFiles/turtlesim__rosidl_typesupport_fastrtps_c.dir/rosidl_typesupport_fastrtps_c/turtlesim/srv/detail/teleport_absolute__type_support_c.cpp.o[0m
[25.636s] [ 64%] [32mBuilding CXX object CMakeFiles/turtlesim__rosidl_typesupport_fastrtps_c.dir/rosidl_typesupport_fastrtps_c/turtlesim/srv/detail/teleport_relative__type_support_c.cpp.o[0m
[25.659s] [ 65%] [32mBuilding CXX object CMakeFiles/turtlesim__rosidl_typesupport_fastrtps_cpp.dir/rosidl_typesupport_fastrtps_cpp/turtlesim/srv/detail/dds_fastrtps/teleport_relative__type_support.cpp.o[0m
[25.731s] [ 66%] [32mBuilding CXX object CMakeFiles/turtlesim__rosidl_typesupport_introspection_cpp.dir/rosidl_typesupport_introspection_cpp/turtlesim/srv/detail/kill__type_support.cpp.o[0m
[26.312s] [ 67%] [32mBuilding CXX object CMakeFiles/turtlesim__rosidl_typesupport_introspection_cpp.dir/rosidl_typesupport_introspection_cpp/turtlesim/srv/detail/set_pen__type_support.cpp.o[0m
[26.390s] [ 68%] [32mBuilding CXX object CMakeFiles/turtlesim__rosidl_typesupport_introspection_cpp.dir/rosidl_typesupport_introspection_cpp/turtlesim/srv/detail/spawn__type_support.cpp.o[0m
[26.407s] [ 69%] [32mBuilding CXX object CMakeFiles/turtlesim__rosidl_typesupport_introspection_cpp.dir/rosidl_typesupport_introspection_cpp/turtlesim/srv/detail/teleport_absolute__type_support.cpp.o[0m
[26.442s] [ 70%] [32mBuilding CXX object CMakeFiles/turtlesim_node.dir/src/turtle.cpp.o[0m
[26.482s] [ 71%] [32m[1mLinking CXX shared library libturtlesim__rosidl_typesupport_fastrtps_c.so[0m
[26.745s] [ 72%] [32mBuilding CXX object CMakeFiles/turtlesim__rosidl_typesupport_introspection_cpp.dir/rosidl_typesupport_introspection_cpp/turtlesim/srv/detail/teleport_relative__type_support.cpp.o[0m
[26.790s] [ 73%] [32m[1mLinking CXX shared library libturtlesim__rosidl_typesupport_fastrtps_cpp.so[0m
[26.914s] [ 73%] Built target turtlesim__rosidl_typesupport_fastrtps_c
[26.969s] [ 74%] [32mBuilding CXX object CMakeFiles/turtle_teleop_key.dir/tutorials/teleop_turtle_key.cpp.o[0m
[27.178s] [ 74%] Built target turtlesim__rosidl_typesupport_fastrtps_cpp
[27.214s] [ 75%] [32mBuilding CXX object CMakeFiles/draw_square.dir/tutorials/draw_square.cpp.o[0m
[27.337s] [ 76%] [32mBuilding CXX object CMakeFiles/mimic.dir/tutorials/mimic.cpp.o[0m
[27.494s] [ 77%] [32mBuilding CXX object CMakeFiles/turtlesim_node.dir/src/turtle_frame.cpp.o[0m
[27.528s] [ 78%] [32mBuilding CXX object CMakeFiles/turtlesim_node.dir/include/turtlesim/moc_turtle_frame.cpp.o[0m
[27.665s] [ 79%] [32m[1mLinking CXX shared library libturtlesim__rosidl_typesupport_introspection_cpp.so[0m
[28.328s] [ 79%] Built target turtlesim__rosidl_typesupport_introspection_cpp
[28.369s] [ 79%] Built target turtlesim
[28.425s] [ 80%] [34m[1mGenerating Python code for ROS interfaces[0m
[34.134s] [ 80%] Built target turtlesim__py
[34.168s] [ 81%] [32mBuilding C object CMakeFiles/turtlesim__rosidl_generator_py.dir/rosidl_generator_py/turtlesim/action/_rotate_absolute_s.c.o[0m
[34.714s] [ 82%] [32mBuilding C object CMakeFiles/turtlesim__rosidl_generator_py.dir/rosidl_generator_py/turtlesim/msg/_color_s.c.o[0m
[34.949s] [ 83%] [32mBuilding C object CMakeFiles/turtlesim__rosidl_generator_py.dir/rosidl_generator_py/turtlesim/msg/_pose_s.c.o[0m
[35.211s] [ 84%] [32mBuilding C object CMakeFiles/turtlesim__rosidl_generator_py.dir/rosidl_generator_py/turtlesim/srv/_kill_s.c.o[0m
[35.456s] [ 85%] [32mBuilding C object CMakeFiles/turtlesim__rosidl_generator_py.dir/rosidl_generator_py/turtlesim/srv/_set_pen_s.c.o[0m
[35.704s] [ 86%] [32mBuilding C object CMakeFiles/turtlesim__rosidl_generator_py.dir/rosidl_generator_py/turtlesim/srv/_spawn_s.c.o[0m
[35.950s] [ 87%] [32mBuilding C object CMakeFiles/turtlesim__rosidl_generator_py.dir/rosidl_generator_py/turtlesim/srv/_teleport_absolute_s.c.o[0m
[36.191s] [ 88%] [32mBuilding C object CMakeFiles/turtlesim__rosidl_generator_py.dir/rosidl_generator_py/turtlesim/srv/_teleport_relative_s.c.o[0m
[36.422s] [ 89%] [32m[1mLinking C shared library rosidl_generator_py/turtlesim/libturtlesim__rosidl_generator_py.so[0m
[36.734s] [ 89%] Built target turtlesim__rosidl_generator_py
[36.776s] [ 90%] [32mBuilding C object CMakeFiles/turtlesim__rosidl_typesupport_fastrtps_c__pyext.dir/rosidl_generator_py/turtlesim/_turtlesim_s.ep.rosidl_typesupport_fastrtps_c.c.o[0m
[37.131s] [ 91%] [32m[1mLinking C shared library rosidl_generator_py/turtlesim/turtlesim_s__rosidl_typesupport_fastrtps_c.cpython-310-x86_64-linux-gnu.so[0m
[37.436s] [ 91%] Built target turtlesim__rosidl_typesupport_fastrtps_c__pyext
[37.520s] [ 92%] [32mBuilding C object CMakeFiles/turtlesim__rosidl_typesupport_introspection_c__pyext.dir/rosidl_generator_py/turtlesim/_turtlesim_s.ep.rosidl_typesupport_introspection_c.c.o[0m
[37.982s] [ 93%] [32m[1mLinking C shared library rosidl_generator_py/turtlesim/turtlesim_s__rosidl_typesupport_introspection_c.cpython-310-x86_64-linux-gnu.so[0m
[38.308s] [ 93%] Built target turtlesim__rosidl_typesupport_introspection_c__pyext
[38.362s] [ 94%] [32mBuilding C object CMakeFiles/turtlesim__rosidl_typesupport_c__pyext.dir/rosidl_generator_py/turtlesim/_turtlesim_s.ep.rosidl_typesupport_c.c.o[0m
[38.761s] [ 95%] [32m[1mLinking C shared library rosidl_generator_py/turtlesim/turtlesim_s__rosidl_typesupport_c.cpython-310-x86_64-linux-gnu.so[0m
[39.205s] [ 95%] Built target turtlesim__rosidl_typesupport_c__pyext
[42.422s] [ 96%] [32m[1mLinking CXX executable turtle_teleop_key[0m
[43.305s] [ 96%] Built target turtle_teleop_key
[47.349s] [ 97%] [32m[1mLinking CXX executable mimic[0m
[48.154s] [ 98%] [32m[1mLinking CXX executable draw_square[0m
[48.218s] [ 98%] Built target mimic
[48.964s] [ 98%] Built target draw_square
[52.611s] [100%] [32m[1mLinking CXX executable turtlesim_node[0m
[55.998s] [100%] Built target turtlesim_node
[56.020s] Invoked command in '/home/ahmadaw/MAPF_RoboSim/ros2_ws/build/turtlesim' returned '0': CMAKE_PREFIX_PATH=${CMAKE_PREFIX_PATH}:/home/ahmadaw/turtlebot3_ws/install/turtlebot3_teleop:/home/ahmadaw/turtlebot3_ws/install/turtlebot3_example:/home/ahmadaw/ros2_ws/install/a_star_tb3:/opt/ros/humble /usr/bin/cmake --build /home/ahmadaw/MAPF_RoboSim/ros2_ws/build/turtlesim -- -j8 -l8
[56.032s] Invoking command in '/home/ahmadaw/MAPF_RoboSim/ros2_ws/build/turtlesim': CMAKE_PREFIX_PATH=${CMAKE_PREFIX_PATH}:/home/ahmadaw/turtlebot3_ws/install/turtlebot3_teleop:/home/ahmadaw/turtlebot3_ws/install/turtlebot3_example:/home/ahmadaw/ros2_ws/install/a_star_tb3:/opt/ros/humble /usr/bin/cmake --install /home/ahmadaw/MAPF_RoboSim/ros2_ws/build/turtlesim
[56.041s] -- Install configuration: ""
[56.042s] -- Installing: /home/ahmadaw/MAPF_RoboSim/ros2_ws/install/turtlesim/share/ament_index/resource_index/rosidl_interfaces/turtlesim
[56.042s] -- Installing: /home/ahmadaw/MAPF_RoboSim/ros2_ws/install/turtlesim/include/turtlesim/turtlesim
[56.043s] -- Installing: /home/ahmadaw/MAPF_RoboSim/ros2_ws/install/turtlesim/include/turtlesim/turtlesim/action
[56.043s] -- Installing: /home/ahmadaw/MAPF_RoboSim/ros2_ws/install/turtlesim/include/turtlesim/turtlesim/action/detail
[56.043s] -- Installing: /home/ahmadaw/MAPF_RoboSim/ros2_ws/install/turtlesim/include/turtlesim/turtlesim/action/detail/rotate_absolute__struct.h
[56.043s] -- Installing: /home/ahmadaw/MAPF_RoboSim/ros2_ws/install/turtlesim/include/turtlesim/turtlesim/action/detail/rotate_absolute__functions.h
[56.044s] -- Installing: /home/ahmadaw/MAPF_RoboSim/ros2_ws/install/turtlesim/include/turtlesim/turtlesim/action/detail/rotate_absolute__type_support.h
[56.044s] -- Installing: /home/ahmadaw/MAPF_RoboSim/ros2_ws/install/turtlesim/include/turtlesim/turtlesim/action/detail/rotate_absolute__functions.c
[56.044s] -- Installing: /home/ahmadaw/MAPF_RoboSim/ros2_ws/install/turtlesim/include/turtlesim/turtlesim/action/rotate_absolute.h
[56.044s] -- Installing: /home/ahmadaw/MAPF_RoboSim/ros2_ws/install/turtlesim/include/turtlesim/turtlesim/msg
[56.045s] -- Installing: /home/ahmadaw/MAPF_RoboSim/ros2_ws/install/turtlesim/include/turtlesim/turtlesim/msg/pose.h
[56.045s] -- Installing: /home/ahmadaw/MAPF_RoboSim/ros2_ws/install/turtlesim/include/turtlesim/turtlesim/msg/detail
[56.045s] -- Installing: /home/ahmadaw/MAPF_RoboSim/ros2_ws/install/turtlesim/include/turtlesim/turtlesim/msg/detail/pose__functions.c
[56.046s] -- Installing: /home/ahmadaw/MAPF_RoboSim/ros2_ws/install/turtlesim/include/turtlesim/turtlesim/msg/detail/pose__type_support.h
[56.046s] -- Installing: /home/ahmadaw/MAPF_RoboSim/ros2_ws/install/turtlesim/include/turtlesim/turtlesim/msg/detail/pose__struct.h
[56.046s] -- Installing: /home/ahmadaw/MAPF_RoboSim/ros2_ws/install/turtlesim/include/turtlesim/turtlesim/msg/detail/color__type_support.h
[56.047s] -- Installing: /home/ahmadaw/MAPF_RoboSim/ros2_ws/install/turtlesim/include/turtlesim/turtlesim/msg/detail/color__functions.c
[56.047s] -- Installing: /home/ahmadaw/MAPF_RoboSim/ros2_ws/install/turtlesim/include/turtlesim/turtlesim/msg/detail/pose__functions.h
[56.047s] -- Installing: /home/ahmadaw/MAPF_RoboSim/ros2_ws/install/turtlesim/include/turtlesim/turtlesim/msg/detail/color__functions.h
[56.048s] -- Installing: /home/ahmadaw/MAPF_RoboSim/ros2_ws/install/turtlesim/include/turtlesim/turtlesim/msg/detail/color__struct.h
[56.048s] -- Installing: /home/ahmadaw/MAPF_RoboSim/ros2_ws/install/turtlesim/include/turtlesim/turtlesim/msg/color.h
[56.048s] -- Installing: /home/ahmadaw/MAPF_RoboSim/ros2_ws/install/turtlesim/include/turtlesim/turtlesim/msg/rosidl_generator_c__visibility_control.h
[56.049s] -- Installing: /home/ahmadaw/MAPF_RoboSim/ros2_ws/install/turtlesim/include/turtlesim/turtlesim/srv
[56.049s] -- Installing: /home/ahmadaw/MAPF_RoboSim/ros2_ws/install/turtlesim/include/turtlesim/turtlesim/srv/detail
[56.049s] -- Installing: /home/ahmadaw/MAPF_RoboSim/ros2_ws/install/turtlesim/include/turtlesim/turtlesim/srv/detail/set_pen__functions.c
[56.049s] -- Installing: /home/ahmadaw/MAPF_RoboSim/ros2_ws/install/turtlesim/include/turtlesim/turtlesim/srv/detail/kill__functions.c
[56.050s] -- Installing: /home/ahmadaw/MAPF_RoboSim/ros2_ws/install/turtlesim/include/turtlesim/turtlesim/srv/detail/kill__functions.h
[56.050s] -- Installing: /home/ahmadaw/MAPF_RoboSim/ros2_ws/install/turtlesim/include/turtlesim/turtlesim/srv/detail/set_pen__struct.h
[56.051s] -- Installing: /home/ahmadaw/MAPF_RoboSim/ros2_ws/install/turtlesim/include/turtlesim/turtlesim/srv/detail/teleport_absolute__functions.c
[56.051s] -- Installing: /home/ahmadaw/MAPF_RoboSim/ros2_ws/install/turtlesim/include/turtlesim/turtlesim/srv/detail/spawn__type_support.h
[56.052s] -- Installing: /home/ahmadaw/MAPF_RoboSim/ros2_ws/install/turtlesim/include/turtlesim/turtlesim/srv/detail/teleport_absolute__struct.h
[56.052s] -- Installing: /home/ahmadaw/MAPF_RoboSim/ros2_ws/install/turtlesim/include/turtlesim/turtlesim/srv/detail/teleport_absolute__functions.h
[56.052s] -- Installing: /home/ahmadaw/MAPF_RoboSim/ros2_ws/install/turtlesim/include/turtlesim/turtlesim/srv/detail/teleport_relative__functions.h
[56.053s] -- Installing: /home/ahmadaw/MAPF_RoboSim/ros2_ws/install/turtlesim/include/turtlesim/turtlesim/srv/detail/teleport_relative__type_support.h
[56.053s] -- Installing: /home/ahmadaw/MAPF_RoboSim/ros2_ws/install/turtlesim/include/turtlesim/turtlesim/srv/detail/spawn__struct.h
[56.053s] -- Installing: /home/ahmadaw/MAPF_RoboSim/ros2_ws/install/turtlesim/include/turtlesim/turtlesim/srv/detail/kill__struct.h
[56.054s] -- Installing: /home/ahmadaw/MAPF_RoboSim/ros2_ws/install/turtlesim/include/turtlesim/turtlesim/srv/detail/set_pen__functions.h
[56.054s] -- Installing: /home/ahmadaw/MAPF_RoboSim/ros2_ws/install/turtlesim/include/turtlesim/turtlesim/srv/detail/spawn__functions.c
[56.054s] -- Installing: /home/ahmadaw/MAPF_RoboSim/ros2_ws/install/turtlesim/include/turtlesim/turtlesim/srv/detail/set_pen__type_support.h
[56.054s] -- Installing: /home/ahmadaw/MAPF_RoboSim/ros2_ws/install/turtlesim/include/turtlesim/turtlesim/srv/detail/teleport_relative__functions.c
[56.054s] -- Installing: /home/ahmadaw/MAPF_RoboSim/ros2_ws/install/turtlesim/include/turtlesim/turtlesim/srv/detail/teleport_absolute__type_support.h
[56.054s] -- Installing: /home/ahmadaw/MAPF_RoboSim/ros2_ws/install/turtlesim/include/turtlesim/turtlesim/srv/detail/teleport_relative__struct.h
[56.055s] -- Installing: /home/ahmadaw/MAPF_RoboSim/ros2_ws/install/turtlesim/include/turtlesim/turtlesim/srv/detail/kill__type_support.h
[56.055s] -- Installing: /home/ahmadaw/MAPF_RoboSim/ros2_ws/install/turtlesim/include/turtlesim/turtlesim/srv/detail/spawn__functions.h
[56.055s] -- Installing: /home/ahmadaw/MAPF_RoboSim/ros2_ws/install/turtlesim/include/turtlesim/turtlesim/srv/teleport_absolute.h
[56.056s] -- Installing: /home/ahmadaw/MAPF_RoboSim/ros2_ws/install/turtlesim/include/turtlesim/turtlesim/srv/kill.h
[56.056s] -- Installing: /home/ahmadaw/MAPF_RoboSim/ros2_ws/install/turtlesim/include/turtlesim/turtlesim/srv/set_pen.h
[56.057s] -- Installing: /home/ahmadaw/MAPF_RoboSim/ros2_ws/install/turtlesim/include/turtlesim/turtlesim/srv/teleport_relative.h
[56.057s] -- Installing: /home/ahmadaw/MAPF_RoboSim/ros2_ws/install/turtlesim/include/turtlesim/turtlesim/srv/spawn.h
[56.057s] -- Installing: /home/ahmadaw/MAPF_RoboSim/ros2_ws/install/turtlesim/share/turtlesim/environment/library_path.sh
[56.057s] -- Installing: /home/ahmadaw/MAPF_RoboSim/ros2_ws/install/turtlesim/share/turtlesim/environment/library_path.dsv
[56.058s] -- Installing: /home/ahmadaw/MAPF_RoboSim/ros2_ws/install/turtlesim/lib/libturtlesim__rosidl_generator_c.so
[56.058s] -- Set runtime path of "/home/ahmadaw/MAPF_RoboSim/ros2_ws/install/turtlesim/lib/libturtlesim__rosidl_generator_c.so" to ""
[56.059s] -- Up-to-date: /home/ahmadaw/MAPF_RoboSim/ros2_ws/install/turtlesim/include/turtlesim/turtlesim
[56.059s] -- Up-to-date: /home/ahmadaw/MAPF_RoboSim/ros2_ws/install/turtlesim/include/turtlesim/turtlesim/action
[56.059s] -- Up-to-date: /home/ahmadaw/MAPF_RoboSim/ros2_ws/install/turtlesim/include/turtlesim/turtlesim/action/detail
[56.059s] -- Installing: /home/ahmadaw/MAPF_RoboSim/ros2_ws/install/turtlesim/include/turtlesim/turtlesim/action/detail/rotate_absolute__rosidl_typesupport_fastrtps_c.h
[56.060s] -- Up-to-date: /home/ahmadaw/MAPF_RoboSim/ros2_ws/install/turtlesim/include/turtlesim/turtlesim/msg
[56.060s] -- Up-to-date: /home/ahmadaw/MAPF_RoboSim/ros2_ws/install/turtlesim/include/turtlesim/turtlesim/msg/detail
[56.060s] -- Installing: /home/ahmadaw/MAPF_RoboSim/ros2_ws/install/turtlesim/include/turtlesim/turtlesim/msg/detail/color__rosidl_typesupport_fastrtps_c.h
[56.060s] -- Installing: /home/ahmadaw/MAPF_RoboSim/ros2_ws/install/turtlesim/include/turtlesim/turtlesim/msg/detail/pose__rosidl_typesupport_fastrtps_c.h
[56.061s] -- Installing: /home/ahmadaw/MAPF_RoboSim/ros2_ws/install/turtlesim/include/turtlesim/turtlesim/msg/rosidl_typesupport_fastrtps_c__visibility_control.h
[56.061s] -- Up-to-date: /home/ahmadaw/MAPF_RoboSim/ros2_ws/install/turtlesim/include/turtlesim/turtlesim/srv
[56.061s] -- Up-to-date: /home/ahmadaw/MAPF_RoboSim/ros2_ws/install/turtlesim/include/turtlesim/turtlesim/srv/detail
[56.061s] -- Installing: /home/ahmadaw/MAPF_RoboSim/ros2_ws/install/turtlesim/include/turtlesim/turtlesim/srv/detail/set_pen__rosidl_typesupport_fastrtps_c.h
[56.061s] -- Installing: /home/ahmadaw/MAPF_RoboSim/ros2_ws/install/turtlesim/include/turtlesim/turtlesim/srv/detail/teleport_relative__rosidl_typesupport_fastrtps_c.h
[56.062s] -- Installing: /home/ahmadaw/MAPF_RoboSim/ros2_ws/install/turtlesim/include/turtlesim/turtlesim/srv/detail/teleport_absolute__rosidl_typesupport_fastrtps_c.h
[56.062s] -- Installing: /home/ahmadaw/MAPF_RoboSim/ros2_ws/install/turtlesim/include/turtlesim/turtlesim/srv/detail/kill__rosidl_typesupport_fastrtps_c.h
[56.062s] -- Installing: /home/ahmadaw/MAPF_RoboSim/ros2_ws/install/turtlesim/include/turtlesim/turtlesim/srv/detail/spawn__rosidl_typesupport_fastrtps_c.h
[56.062s] -- Installing: /home/ahmadaw/MAPF_RoboSim/ros2_ws/install/turtlesim/lib/libturtlesim__rosidl_typesupport_fastrtps_c.so
[56.063s] -- Set runtime path of "/home/ahmadaw/MAPF_RoboSim/ros2_ws/install/turtlesim/lib/libturtlesim__rosidl_typesupport_fastrtps_c.so" to ""
[56.063s] -- Up-to-date: /home/ahmadaw/MAPF_RoboSim/ros2_ws/install/turtlesim/include/turtlesim/turtlesim
[56.063s] -- Up-to-date: /home/ahmadaw/MAPF_RoboSim/ros2_ws/install/turtlesim/include/turtlesim/turtlesim/action
[56.064s] -- Up-to-date: /home/ahmadaw/MAPF_RoboSim/ros2_ws/install/turtlesim/include/turtlesim/turtlesim/action/detail
[56.064s] -- Installing: /home/ahmadaw/MAPF_RoboSim/ros2_ws/install/turtlesim/include/turtlesim/turtlesim/action/detail/rotate_absolute__builder.hpp
[56.064s] -- Installing: /home/ahmadaw/MAPF_RoboSim/ros2_ws/install/turtlesim/include/turtlesim/turtlesim/action/detail/rotate_absolute__traits.hpp
[56.065s] -- Installing: /home/ahmadaw/MAPF_RoboSim/ros2_ws/install/turtlesim/include/turtlesim/turtlesim/action/detail/rotate_absolute__struct.hpp
[56.065s] -- Installing: /home/ahmadaw/MAPF_RoboSim/ros2_ws/install/turtlesim/include/turtlesim/turtlesim/action/rotate_absolute.hpp
[56.065s] -- Up-to-date: /home/ahmadaw/MAPF_RoboSim/ros2_ws/install/turtlesim/include/turtlesim/turtlesim/msg
[56.066s] -- Up-to-date: /home/ahmadaw/MAPF_RoboSim/ros2_ws/install/turtlesim/include/turtlesim/turtlesim/msg/detail
[56.066s] -- Installing: /home/ahmadaw/MAPF_RoboSim/ros2_ws/install/turtlesim/include/turtlesim/turtlesim/msg/detail/pose__builder.hpp
[56.066s] -- Installing: /home/ahmadaw/MAPF_RoboSim/ros2_ws/install/turtlesim/include/turtlesim/turtlesim/msg/detail/color__traits.hpp
[56.066s] -- Installing: /home/ahmadaw/MAPF_RoboSim/ros2_ws/install/turtlesim/include/turtlesim/turtlesim/msg/detail/color__struct.hpp
[56.066s] -- Installing: /home/ahmadaw/MAPF_RoboSim/ros2_ws/install/turtlesim/include/turtlesim/turtlesim/msg/detail/pose__struct.hpp
[56.067s] -- Installing: /home/ahmadaw/MAPF_RoboSim/ros2_ws/install/turtlesim/include/turtlesim/turtlesim/msg/detail/color__builder.hpp
[56.067s] -- Installing: /home/ahmadaw/MAPF_RoboSim/ros2_ws/install/turtlesim/include/turtlesim/turtlesim/msg/detail/pose__traits.hpp
[56.067s] -- Installing: /home/ahmadaw/MAPF_RoboSim/ros2_ws/install/turtlesim/include/turtlesim/turtlesim/msg/pose.hpp
[56.067s] -- Installing: /home/ahmadaw/MAPF_RoboSim/ros2_ws/install/turtlesim/include/turtlesim/turtlesim/msg/color.hpp
[56.068s] -- Up-to-date: /home/ahmadaw/MAPF_RoboSim/ros2_ws/install/turtlesim/include/turtlesim/turtlesim/srv
[56.068s] -- Up-to-date: /home/ahmadaw/MAPF_RoboSim/ros2_ws/install/turtlesim/include/turtlesim/turtlesim/srv/detail
[56.068s] -- Installing: /home/ahmadaw/MAPF_RoboSim/ros2_ws/install/turtlesim/include/turtlesim/turtlesim/srv/detail/set_pen__builder.hpp
[56.068s] -- Installing: /home/ahmadaw/MAPF_RoboSim/ros2_ws/install/turtlesim/include/turtlesim/turtlesim/srv/detail/teleport_absolute__struct.hpp
[56.069s] -- Installing: /home/ahmadaw/MAPF_RoboSim/ros2_ws/install/turtlesim/include/turtlesim/turtlesim/srv/detail/spawn__builder.hpp
[56.069s] -- Installing: /home/ahmadaw/MAPF_RoboSim/ros2_ws/install/turtlesim/include/turtlesim/turtlesim/srv/detail/teleport_absolute__builder.hpp
[56.069s] -- Installing: /home/ahmadaw/MAPF_RoboSim/ros2_ws/install/turtlesim/include/turtlesim/turtlesim/srv/detail/spawn__traits.hpp
[56.069s] -- Installing: /home/ahmadaw/MAPF_RoboSim/ros2_ws/install/turtlesim/include/turtlesim/turtlesim/srv/detail/spawn__struct.hpp
[56.069s] -- Installing: /home/ahmadaw/MAPF_RoboSim/ros2_ws/install/turtlesim/include/turtlesim/turtlesim/srv/detail/set_pen__traits.hpp
[56.069s] -- Installing: /home/ahmadaw/MAPF_RoboSim/ros2_ws/install/turtlesim/include/turtlesim/turtlesim/srv/detail/teleport_relative__struct.hpp
[56.069s] -- Installing: /home/ahmadaw/MAPF_RoboSim/ros2_ws/install/turtlesim/include/turtlesim/turtlesim/srv/detail/set_pen__struct.hpp
[56.069s] -- Installing: /home/ahmadaw/MAPF_RoboSim/ros2_ws/install/turtlesim/include/turtlesim/turtlesim/srv/detail/kill__builder.hpp
[56.070s] -- Installing: /home/ahmadaw/MAPF_RoboSim/ros2_ws/install/turtlesim/include/turtlesim/turtlesim/srv/detail/kill__traits.hpp
[56.070s] -- Installing: /home/ahmadaw/MAPF_RoboSim/ros2_ws/install/turtlesim/include/turtlesim/turtlesim/srv/detail/teleport_absolute__traits.hpp
[56.070s] -- Installing: /home/ahmadaw/MAPF_RoboSim/ros2_ws/install/turtlesim/include/turtlesim/turtlesim/srv/detail/teleport_relative__traits.hpp
[56.070s] -- Installing: /home/ahmadaw/MAPF_RoboSim/ros2_ws/install/turtlesim/include/turtlesim/turtlesim/srv/detail/teleport_relative__builder.hpp
[56.070s] -- Installing: /home/ahmadaw/MAPF_RoboSim/ros2_ws/install/turtlesim/include/turtlesim/turtlesim/srv/detail/kill__struct.hpp
[56.070s] -- Installing: /home/ahmadaw/MAPF_RoboSim/ros2_ws/install/turtlesim/include/turtlesim/turtlesim/srv/teleport_absolute.hpp
[56.070s] -- Installing: /home/ahmadaw/MAPF_RoboSim/ros2_ws/install/turtlesim/include/turtlesim/turtlesim/srv/spawn.hpp
[56.070s] -- Installing: /home/ahmadaw/MAPF_RoboSim/ros2_ws/install/turtlesim/include/turtlesim/turtlesim/srv/teleport_relative.hpp
[56.071s] -- Installing: /home/ahmadaw/MAPF_RoboSim/ros2_ws/install/turtlesim/include/turtlesim/turtlesim/srv/kill.hpp
[56.072s] -- Installing: /home/ahmadaw/MAPF_RoboSim/ros2_ws/install/turtlesim/include/turtlesim/turtlesim/srv/set_pen.hpp
[56.072s] -- Up-to-date: /home/ahmadaw/MAPF_RoboSim/ros2_ws/install/turtlesim/include/turtlesim/turtlesim
[56.072s] -- Up-to-date: /home/ahmadaw/MAPF_RoboSim/ros2_ws/install/turtlesim/include/turtlesim/turtlesim/action
[56.072s] -- Up-to-date: /home/ahmadaw/MAPF_RoboSim/ros2_ws/install/turtlesim/include/turtlesim/turtlesim/action/detail
[56.072s] -- Installing: /home/ahmadaw/MAPF_RoboSim/ros2_ws/install/turtlesim/include/turtlesim/turtlesim/action/detail/dds_fastrtps
[56.073s] -- Installing: /home/ahmadaw/MAPF_RoboSim/ros2_ws/install/turtlesim/include/turtlesim/turtlesim/action/detail/rotate_absolute__rosidl_typesupport_fastrtps_cpp.hpp
[56.073s] -- Up-to-date: /home/ahmadaw/MAPF_RoboSim/ros2_ws/install/turtlesim/include/turtlesim/turtlesim/msg
[56.073s] -- Up-to-date: /home/ahmadaw/MAPF_RoboSim/ros2_ws/install/turtlesim/include/turtlesim/turtlesim/msg/detail
[56.074s] -- Installing: /home/ahmadaw/MAPF_RoboSim/ros2_ws/install/turtlesim/include/turtlesim/turtlesim/msg/detail/color__rosidl_typesupport_fastrtps_cpp.hpp
[56.075s] -- Installing: /home/ahmadaw/MAPF_RoboSim/ros2_ws/install/turtlesim/include/turtlesim/turtlesim/msg/detail/dds_fastrtps
[56.075s] -- Installing: /home/ahmadaw/MAPF_RoboSim/ros2_ws/install/turtlesim/include/turtlesim/turtlesim/msg/detail/pose__rosidl_typesupport_fastrtps_cpp.hpp
[56.075s] -- Installing: /home/ahmadaw/MAPF_RoboSim/ros2_ws/install/turtlesim/include/turtlesim/turtlesim/msg/rosidl_typesupport_fastrtps_cpp__visibility_control.h
[56.075s] -- Up-to-date: /home/ahmadaw/MAPF_RoboSim/ros2_ws/install/turtlesim/include/turtlesim/turtlesim/srv
[56.075s] -- Up-to-date: /home/ahmadaw/MAPF_RoboSim/ros2_ws/install/turtlesim/include/turtlesim/turtlesim/srv/detail
[56.075s] -- Installing: /home/ahmadaw/MAPF_RoboSim/ros2_ws/install/turtlesim/include/turtlesim/turtlesim/srv/detail/teleport_absolute__rosidl_typesupport_fastrtps_cpp.hpp
[56.075s] -- Installing: /home/ahmadaw/MAPF_RoboSim/ros2_ws/install/turtlesim/include/turtlesim/turtlesim/srv/detail/spawn__rosidl_typesupport_fastrtps_cpp.hpp
[56.075s] -- Installing: /home/ahmadaw/MAPF_RoboSim/ros2_ws/install/turtlesim/include/turtlesim/turtlesim/srv/detail/set_pen__rosidl_typesupport_fastrtps_cpp.hpp
[56.076s] -- Installing: /home/ahmadaw/MAPF_RoboSim/ros2_ws/install/turtlesim/include/turtlesim/turtlesim/srv/detail/dds_fastrtps
[56.076s] -- Installing: /home/ahmadaw/MAPF_RoboSim/ros2_ws/install/turtlesim/include/turtlesim/turtlesim/srv/detail/teleport_relative__rosidl_typesupport_fastrtps_cpp.hpp
[56.076s] -- Installing: /home/ahmadaw/MAPF_RoboSim/ros2_ws/install/turtlesim/include/turtlesim/turtlesim/srv/detail/kill__rosidl_typesupport_fastrtps_cpp.hpp
[56.076s] -- Installing: /home/ahmadaw/MAPF_RoboSim/ros2_ws/install/turtlesim/lib/libturtlesim__rosidl_typesupport_fastrtps_cpp.so
[56.076s] -- Set runtime path of "/home/ahmadaw/MAPF_RoboSim/ros2_ws/install/turtlesim/lib/libturtlesim__rosidl_typesupport_fastrtps_cpp.so" to ""
[56.077s] -- Up-to-date: /home/ahmadaw/MAPF_RoboSim/ros2_ws/install/turtlesim/include/turtlesim/turtlesim
[56.077s] -- Up-to-date: /home/ahmadaw/MAPF_RoboSim/ros2_ws/install/turtlesim/include/turtlesim/turtlesim/action
[56.077s] -- Up-to-date: /home/ahmadaw/MAPF_RoboSim/ros2_ws/install/turtlesim/include/turtlesim/turtlesim/action/detail
[56.077s] -- Installing: /home/ahmadaw/MAPF_RoboSim/ros2_ws/install/turtlesim/include/turtlesim/turtlesim/action/detail/rotate_absolute__type_support.c
[56.077s] -- Installing: /home/ahmadaw/MAPF_RoboSim/ros2_ws/install/turtlesim/include/turtlesim/turtlesim/action/detail/rotate_absolute__rosidl_typesupport_introspection_c.h
[56.077s] -- Up-to-date: /home/ahmadaw/MAPF_RoboSim/ros2_ws/install/turtlesim/include/turtlesim/turtlesim/msg
[56.078s] -- Up-to-date: /home/ahmadaw/MAPF_RoboSim/ros2_ws/install/turtlesim/include/turtlesim/turtlesim/msg/detail
[56.078s] -- Installing: /home/ahmadaw/MAPF_RoboSim/ros2_ws/install/turtlesim/include/turtlesim/turtlesim/msg/detail/color__type_support.c
[56.079s] -- Installing: /home/ahmadaw/MAPF_RoboSim/ros2_ws/install/turtlesim/include/turtlesim/turtlesim/msg/detail/pose__rosidl_typesupport_introspection_c.h
[56.079s] -- Installing: /home/ahmadaw/MAPF_RoboSim/ros2_ws/install/turtlesim/include/turtlesim/turtlesim/msg/detail/pose__type_support.c
[56.079s] -- Installing: /home/ahmadaw/MAPF_RoboSim/ros2_ws/install/turtlesim/include/turtlesim/turtlesim/msg/detail/color__rosidl_typesupport_introspection_c.h
[56.079s] -- Installing: /home/ahmadaw/MAPF_RoboSim/ros2_ws/install/turtlesim/include/turtlesim/turtlesim/msg/rosidl_typesupport_introspection_c__visibility_control.h
[56.079s] -- Up-to-date: /home/ahmadaw/MAPF_RoboSim/ros2_ws/install/turtlesim/include/turtlesim/turtlesim/srv
[56.079s] -- Up-to-date: /home/ahmadaw/MAPF_RoboSim/ros2_ws/install/turtlesim/include/turtlesim/turtlesim/srv/detail
[56.079s] -- Installing: /home/ahmadaw/MAPF_RoboSim/ros2_ws/install/turtlesim/include/turtlesim/turtlesim/srv/detail/teleport_absolute__rosidl_typesupport_introspection_c.h
[56.079s] -- Installing: /home/ahmadaw/MAPF_RoboSim/ros2_ws/install/turtlesim/include/turtlesim/turtlesim/srv/detail/teleport_relative__rosidl_typesupport_introspection_c.h
[56.080s] -- Installing: /home/ahmadaw/MAPF_RoboSim/ros2_ws/install/turtlesim/include/turtlesim/turtlesim/srv/detail/teleport_absolute__type_support.c
[56.080s] -- Installing: /home/ahmadaw/MAPF_RoboSim/ros2_ws/install/turtlesim/include/turtlesim/turtlesim/srv/detail/set_pen__type_support.c
[56.080s] -- Installing: /home/ahmadaw/MAPF_RoboSim/ros2_ws/install/turtlesim/include/turtlesim/turtlesim/srv/detail/kill__type_support.c
[56.080s] -- Installing: /home/ahmadaw/MAPF_RoboSim/ros2_ws/install/turtlesim/include/turtlesim/turtlesim/srv/detail/spawn__rosidl_typesupport_introspection_c.h
[56.080s] -- Installing: /home/ahmadaw/MAPF_RoboSim/ros2_ws/install/turtlesim/include/turtlesim/turtlesim/srv/detail/spawn__type_support.c
[56.080s] -- Installing: /home/ahmadaw/MAPF_RoboSim/ros2_ws/install/turtlesim/include/turtlesim/turtlesim/srv/detail/teleport_relative__type_support.c
[56.080s] -- Installing: /home/ahmadaw/MAPF_RoboSim/ros2_ws/install/turtlesim/include/turtlesim/turtlesim/srv/detail/set_pen__rosidl_typesupport_introspection_c.h
[56.081s] -- Installing: /home/ahmadaw/MAPF_RoboSim/ros2_ws/install/turtlesim/include/turtlesim/turtlesim/srv/detail/kill__rosidl_typesupport_introspection_c.h
[56.081s] -- Installing: /home/ahmadaw/MAPF_RoboSim/ros2_ws/install/turtlesim/lib/libturtlesim__rosidl_typesupport_introspection_c.so
[56.081s] -- Set runtime path of "/home/ahmadaw/MAPF_RoboSim/ros2_ws/install/turtlesim/lib/libturtlesim__rosidl_typesupport_introspection_c.so" to ""
[56.081s] -- Installing: /home/ahmadaw/MAPF_RoboSim/ros2_ws/install/turtlesim/lib/libturtlesim__rosidl_typesupport_c.so
[56.082s] -- Set runtime path of "/home/ahmadaw/MAPF_RoboSim/ros2_ws/install/turtlesim/lib/libturtlesim__rosidl_typesupport_c.so" to ""
[56.082s] -- Up-to-date: /home/ahmadaw/MAPF_RoboSim/ros2_ws/install/turtlesim/include/turtlesim/turtlesim
[56.083s] -- Up-to-date: /home/ahmadaw/MAPF_RoboSim/ros2_ws/install/turtlesim/include/turtlesim/turtlesim/action
[56.083s] -- Up-to-date: /home/ahmadaw/MAPF_RoboSim/ros2_ws/install/turtlesim/include/turtlesim/turtlesim/action/detail
[56.083s] -- Installing: /home/ahmadaw/MAPF_RoboSim/ros2_ws/install/turtlesim/include/turtlesim/turtlesim/action/detail/rotate_absolute__type_support.cpp
[56.084s] -- Installing: /home/ahmadaw/MAPF_RoboSim/ros2_ws/install/turtlesim/include/turtlesim/turtlesim/action/detail/rotate_absolute__rosidl_typesupport_introspection_cpp.hpp
[56.084s] -- Up-to-date: /home/ahmadaw/MAPF_RoboSim/ros2_ws/install/turtlesim/include/turtlesim/turtlesim/msg
[56.084s] -- Up-to-date: /home/ahmadaw/MAPF_RoboSim/ros2_ws/install/turtlesim/include/turtlesim/turtlesim/msg/detail
[56.084s] -- Installing: /home/ahmadaw/MAPF_RoboSim/ros2_ws/install/turtlesim/include/turtlesim/turtlesim/msg/detail/color__type_support.cpp
[56.084s] -- Installing: /home/ahmadaw/MAPF_RoboSim/ros2_ws/install/turtlesim/include/turtlesim/turtlesim/msg/detail/pose__rosidl_typesupport_introspection_cpp.hpp
[56.084s] -- Installing: /home/ahmadaw/MAPF_RoboSim/ros2_ws/install/turtlesim/include/turtlesim/turtlesim/msg/detail/pose__type_support.cpp
[56.085s] -- Installing: /home/ahmadaw/MAPF_RoboSim/ros2_ws/install/turtlesim/include/turtlesim/turtlesim/msg/detail/color__rosidl_typesupport_introspection_cpp.hpp
[56.085s] -- Up-to-date: /home/ahmadaw/MAPF_RoboSim/ros2_ws/install/turtlesim/include/turtlesim/turtlesim/srv
[56.085s] -- Up-to-date: /home/ahmadaw/MAPF_RoboSim/ros2_ws/install/turtlesim/include/turtlesim/turtlesim/srv/detail
[56.085s] -- Installing: /home/ahmadaw/MAPF_RoboSim/ros2_ws/install/turtlesim/include/turtlesim/turtlesim/srv/detail/teleport_absolute__type_support.cpp
[56.085s] -- Installing: /home/ahmadaw/MAPF_RoboSim/ros2_ws/install/turtlesim/include/turtlesim/turtlesim/srv/detail/kill__type_support.cpp
[56.085s] -- Installing: /home/ahmadaw/MAPF_RoboSim/ros2_ws/install/turtlesim/include/turtlesim/turtlesim/srv/detail/kill__rosidl_typesupport_introspection_cpp.hpp
[56.086s] -- Installing: /home/ahmadaw/MAPF_RoboSim/ros2_ws/install/turtlesim/include/turtlesim/turtlesim/srv/detail/spawn__type_support.cpp
[56.086s] -- Installing: /home/ahmadaw/MAPF_RoboSim/ros2_ws/install/turtlesim/include/turtlesim/turtlesim/srv/detail/set_pen__type_support.cpp
[56.086s] -- Installing: /home/ahmadaw/MAPF_RoboSim/ros2_ws/install/turtlesim/include/turtlesim/turtlesim/srv/detail/teleport_relative__type_support.cpp
[56.086s] -- Installing: /home/ahmadaw/MAPF_RoboSim/ros2_ws/install/turtlesim/include/turtlesim/turtlesim/srv/detail/teleport_relative__rosidl_typesupport_introspection_cpp.hpp
[56.086s] -- Installing: /home/ahmadaw/MAPF_RoboSim/ros2_ws/install/turtlesim/include/turtlesim/turtlesim/srv/detail/set_pen__rosidl_typesupport_introspection_cpp.hpp
[56.087s] -- Installing: /home/ahmadaw/MAPF_RoboSim/ros2_ws/install/turtlesim/include/turtlesim/turtlesim/srv/detail/spawn__rosidl_typesupport_introspection_cpp.hpp
[56.087s] -- Installing: /home/ahmadaw/MAPF_RoboSim/ros2_ws/install/turtlesim/include/turtlesim/turtlesim/srv/detail/teleport_absolute__rosidl_typesupport_introspection_cpp.hpp
[56.087s] -- Installing: /home/ahmadaw/MAPF_RoboSim/ros2_ws/install/turtlesim/lib/libturtlesim__rosidl_typesupport_introspection_cpp.so
[56.087s] -- Set runtime path of "/home/ahmadaw/MAPF_RoboSim/ros2_ws/install/turtlesim/lib/libturtlesim__rosidl_typesupport_introspection_cpp.so" to ""
[56.088s] -- Installing: /home/ahmadaw/MAPF_RoboSim/ros2_ws/install/turtlesim/lib/libturtlesim__rosidl_typesupport_cpp.so
[56.088s] -- Set runtime path of "/home/ahmadaw/MAPF_RoboSim/ros2_ws/install/turtlesim/lib/libturtlesim__rosidl_typesupport_cpp.so" to ""
[56.089s] -- Installing: /home/ahmadaw/MAPF_RoboSim/ros2_ws/install/turtlesim/share/turtlesim/environment/pythonpath.sh
[56.089s] -- Installing: /home/ahmadaw/MAPF_RoboSim/ros2_ws/install/turtlesim/share/turtlesim/environment/pythonpath.dsv
[56.089s] -- Installing: /home/ahmadaw/MAPF_RoboSim/ros2_ws/install/turtlesim/local/lib/python3.10/dist-packages/turtlesim-1.4.2-py3.10.egg-info
[56.089s] -- Installing: /home/ahmadaw/MAPF_RoboSim/ros2_ws/install/turtlesim/local/lib/python3.10/dist-packages/turtlesim-1.4.2-py3.10.egg-info/dependency_links.txt
[56.090s] -- Installing: /home/ahmadaw/MAPF_RoboSim/ros2_ws/install/turtlesim/local/lib/python3.10/dist-packages/turtlesim-1.4.2-py3.10.egg-info/top_level.txt
[56.090s] -- Installing: /home/ahmadaw/MAPF_RoboSim/ros2_ws/install/turtlesim/local/lib/python3.10/dist-packages/turtlesim-1.4.2-py3.10.egg-info/PKG-INFO
[56.090s] -- Installing: /home/ahmadaw/MAPF_RoboSim/ros2_ws/install/turtlesim/local/lib/python3.10/dist-packages/turtlesim-1.4.2-py3.10.egg-info/SOURCES.txt
[56.090s] -- Installing: /home/ahmadaw/MAPF_RoboSim/ros2_ws/install/turtlesim/local/lib/python3.10/dist-packages/turtlesim
[56.090s] -- Installing: /home/ahmadaw/MAPF_RoboSim/ros2_ws/install/turtlesim/local/lib/python3.10/dist-packages/turtlesim/action
[56.090s] -- Installing: /home/ahmadaw/MAPF_RoboSim/ros2_ws/install/turtlesim/local/lib/python3.10/dist-packages/turtlesim/action/__init__.py
[56.091s] -- Installing: /home/ahmadaw/MAPF_RoboSim/ros2_ws/install/turtlesim/local/lib/python3.10/dist-packages/turtlesim/action/_rotate_absolute_s.c
[56.091s] -- Installing: /home/ahmadaw/MAPF_RoboSim/ros2_ws/install/turtlesim/local/lib/python3.10/dist-packages/turtlesim/action/_rotate_absolute.py
[56.091s] -- Installing: /home/ahmadaw/MAPF_RoboSim/ros2_ws/install/turtlesim/local/lib/python3.10/dist-packages/turtlesim/__init__.py
[56.091s] -- Installing: /home/ahmadaw/MAPF_RoboSim/ros2_ws/install/turtlesim/local/lib/python3.10/dist-packages/turtlesim/_turtlesim_s.ep.rosidl_typesupport_c.c
[56.091s] -- Installing: /home/ahmadaw/MAPF_RoboSim/ros2_ws/install/turtlesim/local/lib/python3.10/dist-packages/turtlesim/turtlesim_s__rosidl_typesupport_fastrtps_c.cpython-310-x86_64-linux-gnu.so
[56.091s] -- Installing: /home/ahmadaw/MAPF_RoboSim/ros2_ws/install/turtlesim/local/lib/python3.10/dist-packages/turtlesim/_turtlesim_s.ep.rosidl_typesupport_fastrtps_c.c
[56.092s] -- Installing: /home/ahmadaw/MAPF_RoboSim/ros2_ws/install/turtlesim/local/lib/python3.10/dist-packages/turtlesim/libturtlesim__rosidl_generator_py.so
[56.092s] -- Installing: /home/ahmadaw/MAPF_RoboSim/ros2_ws/install/turtlesim/local/lib/python3.10/dist-packages/turtlesim/_turtlesim_s.ep.rosidl_typesupport_introspection_c.c
[56.092s] -- Installing: /home/ahmadaw/MAPF_RoboSim/ros2_ws/install/turtlesim/local/lib/python3.10/dist-packages/turtlesim/msg
[56.092s] -- Installing: /home/ahmadaw/MAPF_RoboSim/ros2_ws/install/turtlesim/local/lib/python3.10/dist-packages/turtlesim/msg/__init__.py
[56.092s] -- Installing: /home/ahmadaw/MAPF_RoboSim/ros2_ws/install/turtlesim/local/lib/python3.10/dist-packages/turtlesim/msg/_color_s.c
[56.092s] -- Installing: /home/ahmadaw/MAPF_RoboSim/ros2_ws/install/turtlesim/local/lib/python3.10/dist-packages/turtlesim/msg/_pose.py
[56.093s] -- Installing: /home/ahmadaw/MAPF_RoboSim/ros2_ws/install/turtlesim/local/lib/python3.10/dist-packages/turtlesim/msg/_pose_s.c
[56.093s] -- Installing: /home/ahmadaw/MAPF_RoboSim/ros2_ws/install/turtlesim/local/lib/python3.10/dist-packages/turtlesim/msg/_color.py
[56.093s] -- Installing: /home/ahmadaw/MAPF_RoboSim/ros2_ws/install/turtlesim/local/lib/python3.10/dist-packages/turtlesim/srv
[56.093s] -- Installing: /home/ahmadaw/MAPF_RoboSim/ros2_ws/install/turtlesim/local/lib/python3.10/dist-packages/turtlesim/srv/__init__.py
[56.093s] -- Installing: /home/ahmadaw/MAPF_RoboSim/ros2_ws/install/turtlesim/local/lib/python3.10/dist-packages/turtlesim/srv/_kill_s.c
[56.093s] -- Installing: /home/ahmadaw/MAPF_RoboSim/ros2_ws/install/turtlesim/local/lib/python3.10/dist-packages/turtlesim/srv/_set_pen.py
[56.093s] -- Installing: /home/ahmadaw/MAPF_RoboSim/ros2_ws/install/turtlesim/local/lib/python3.10/dist-packages/turtlesim/srv/_teleport_relative_s.c
[56.093s] -- Installing: /home/ahmadaw/MAPF_RoboSim/ros2_ws/install/turtlesim/local/lib/python3.10/dist-packages/turtlesim/srv/_kill.py
[56.094s] -- Installing: /home/ahmadaw/MAPF_RoboSim/ros2_ws/install/turtlesim/local/lib/python3.10/dist-packages/turtlesim/srv/_teleport_absolute.py
[56.094s] -- Installing: /home/ahmadaw/MAPF_RoboSim/ros2_ws/install/turtlesim/local/lib/python3.10/dist-packages/turtlesim/srv/_teleport_relative.py
[56.094s] -- Installing: /home/ahmadaw/MAPF_RoboSim/ros2_ws/install/turtlesim/local/lib/python3.10/dist-packages/turtlesim/srv/_teleport_absolute_s.c
[56.094s] -- Installing: /home/ahmadaw/MAPF_RoboSim/ros2_ws/install/turtlesim/local/lib/python3.10/dist-packages/turtlesim/srv/_spawn.py
[56.094s] -- Installing: /home/ahmadaw/MAPF_RoboSim/ros2_ws/install/turtlesim/local/lib/python3.10/dist-packages/turtlesim/srv/_set_pen_s.c
[56.094s] -- Installing: /home/ahmadaw/MAPF_RoboSim/ros2_ws/install/turtlesim/local/lib/python3.10/dist-packages/turtlesim/srv/_spawn_s.c
[56.094s] -- Installing: /home/ahmadaw/MAPF_RoboSim/ros2_ws/install/turtlesim/local/lib/python3.10/dist-packages/turtlesim/turtlesim_s__rosidl_typesupport_introspection_c.cpython-310-x86_64-linux-gnu.so
[56.094s] -- Installing: /home/ahmadaw/MAPF_RoboSim/ros2_ws/install/turtlesim/local/lib/python3.10/dist-packages/turtlesim/turtlesim_s__rosidl_typesupport_c.cpython-310-x86_64-linux-gnu.so
[56.175s] Listing '/home/ahmadaw/MAPF_RoboSim/ros2_ws/install/turtlesim/local/lib/python3.10/dist-packages/turtlesim'...
[56.175s] Compiling '/home/ahmadaw/MAPF_RoboSim/ros2_ws/install/turtlesim/local/lib/python3.10/dist-packages/turtlesim/__init__.py'...
[56.176s] Listing '/home/ahmadaw/MAPF_RoboSim/ros2_ws/install/turtlesim/local/lib/python3.10/dist-packages/turtlesim/action'...
[56.176s] Compiling '/home/ahmadaw/MAPF_RoboSim/ros2_ws/install/turtlesim/local/lib/python3.10/dist-packages/turtlesim/action/__init__.py'...
[56.176s] Compiling '/home/ahmadaw/MAPF_RoboSim/ros2_ws/install/turtlesim/local/lib/python3.10/dist-packages/turtlesim/action/_rotate_absolute.py'...
[56.176s] Listing '/home/ahmadaw/MAPF_RoboSim/ros2_ws/install/turtlesim/local/lib/python3.10/dist-packages/turtlesim/msg'...
[56.176s] Compiling '/home/ahmadaw/MAPF_RoboSim/ros2_ws/install/turtlesim/local/lib/python3.10/dist-packages/turtlesim/msg/__init__.py'...
[56.176s] Compiling '/home/ahmadaw/MAPF_RoboSim/ros2_ws/install/turtlesim/local/lib/python3.10/dist-packages/turtlesim/msg/_color.py'...
[56.176s] Compiling '/home/ahmadaw/MAPF_RoboSim/ros2_ws/install/turtlesim/local/lib/python3.10/dist-packages/turtlesim/msg/_pose.py'...
[56.176s] Listing '/home/ahmadaw/MAPF_RoboSim/ros2_ws/install/turtlesim/local/lib/python3.10/dist-packages/turtlesim/srv'...
[56.177s] Compiling '/home/ahmadaw/MAPF_RoboSim/ros2_ws/install/turtlesim/local/lib/python3.10/dist-packages/turtlesim/srv/__init__.py'...
[56.177s] Compiling '/home/ahmadaw/MAPF_RoboSim/ros2_ws/install/turtlesim/local/lib/python3.10/dist-packages/turtlesim/srv/_kill.py'...
[56.177s] Compiling '/home/ahmadaw/MAPF_RoboSim/ros2_ws/install/turtlesim/local/lib/python3.10/dist-packages/turtlesim/srv/_set_pen.py'...
[56.177s] Compiling '/home/ahmadaw/MAPF_RoboSim/ros2_ws/install/turtlesim/local/lib/python3.10/dist-packages/turtlesim/srv/_spawn.py'...
[56.177s] Compiling '/home/ahmadaw/MAPF_RoboSim/ros2_ws/install/turtlesim/local/lib/python3.10/dist-packages/turtlesim/srv/_teleport_absolute.py'...
[56.177s] Compiling '/home/ahmadaw/MAPF_RoboSim/ros2_ws/install/turtlesim/local/lib/python3.10/dist-packages/turtlesim/srv/_teleport_relative.py'...
[56.182s] -- Installing: /home/ahmadaw/MAPF_RoboSim/ros2_ws/install/turtlesim/local/lib/python3.10/dist-packages/turtlesim/turtlesim_s__rosidl_typesupport_fastrtps_c.cpython-310-x86_64-linux-gnu.so
[56.183s] -- Set runtime path of "/home/ahmadaw/MAPF_RoboSim/ros2_ws/install/turtlesim/local/lib/python3.10/dist-packages/turtlesim/turtlesim_s__rosidl_typesupport_fastrtps_c.cpython-310-x86_64-linux-gnu.so" to ""
[56.183s] -- Installing: /home/ahmadaw/MAPF_RoboSim/ros2_ws/install/turtlesim/local/lib/python3.10/dist-packages/turtlesim/turtlesim_s__rosidl_typesupport_introspection_c.cpython-310-x86_64-linux-gnu.so
[56.184s] -- Set runtime path of "/home/ahmadaw/MAPF_RoboSim/ros2_ws/install/turtlesim/local/lib/python3.10/dist-packages/turtlesim/turtlesim_s__rosidl_typesupport_introspection_c.cpython-310-x86_64-linux-gnu.so" to ""
[56.184s] -- Installing: /home/ahmadaw/MAPF_RoboSim/ros2_ws/install/turtlesim/local/lib/python3.10/dist-packages/turtlesim/turtlesim_s__rosidl_typesupport_c.cpython-310-x86_64-linux-gnu.so
[56.185s] -- Set runtime path of "/home/ahmadaw/MAPF_RoboSim/ros2_ws/install/turtlesim/local/lib/python3.10/dist-packages/turtlesim/turtlesim_s__rosidl_typesupport_c.cpython-310-x86_64-linux-gnu.so" to ""
[56.185s] -- Installing: /home/ahmadaw/MAPF_RoboSim/ros2_ws/install/turtlesim/lib/libturtlesim__rosidl_generator_py.so
[56.186s] -- Set runtime path of "/home/ahmadaw/MAPF_RoboSim/ros2_ws/install/turtlesim/lib/libturtlesim__rosidl_generator_py.so" to ""
[56.186s] -- Installing: /home/ahmadaw/MAPF_RoboSim/ros2_ws/install/turtlesim/share/turtlesim/action/RotateAbsolute.idl
[56.187s] -- Installing: /home/ahmadaw/MAPF_RoboSim/ros2_ws/install/turtlesim/share/turtlesim/msg/Color.idl
[56.187s] -- Installing: /home/ahmadaw/MAPF_RoboSim/ros2_ws/install/turtlesim/share/turtlesim/msg/Pose.idl
[56.188s] -- Installing: /home/ahmadaw/MAPF_RoboSim/ros2_ws/install/turtlesim/share/turtlesim/srv/Kill.idl
[56.188s] -- Installing: /home/ahmadaw/MAPF_RoboSim/ros2_ws/install/turtlesim/share/turtlesim/srv/SetPen.idl
[56.189s] -- Installing: /home/ahmadaw/MAPF_RoboSim/ros2_ws/install/turtlesim/share/turtlesim/srv/Spawn.idl
[56.189s] -- Installing: /home/ahmadaw/MAPF_RoboSim/ros2_ws/install/turtlesim/share/turtlesim/srv/TeleportAbsolute.idl
[56.190s] -- Installing: /home/ahmadaw/MAPF_RoboSim/ros2_ws/install/turtlesim/share/turtlesim/srv/TeleportRelative.idl
[56.190s] -- Installing: /home/ahmadaw/MAPF_RoboSim/ros2_ws/install/turtlesim/share/turtlesim/action/RotateAbsolute.action
[56.191s] -- Installing: /home/ahmadaw/MAPF_RoboSim/ros2_ws/install/turtlesim/share/turtlesim/msg/Color.msg
[56.191s] -- Installing: /home/ahmadaw/MAPF_RoboSim/ros2_ws/install/turtlesim/share/turtlesim/msg/Pose.msg
[56.192s] -- Installing: /home/ahmadaw/MAPF_RoboSim/ros2_ws/install/turtlesim/share/turtlesim/srv/Kill.srv
[56.193s] -- Installing: /home/ahmadaw/MAPF_RoboSim/ros2_ws/install/turtlesim/share/turtlesim/srv/Kill_Request.msg
[56.193s] -- Installing: /home/ahmadaw/MAPF_RoboSim/ros2_ws/install/turtlesim/share/turtlesim/srv/Kill_Response.msg
[56.194s] -- Installing: /home/ahmadaw/MAPF_RoboSim/ros2_ws/install/turtlesim/share/turtlesim/srv/SetPen.srv
[56.194s] -- Installing: /home/ahmadaw/MAPF_RoboSim/ros2_ws/install/turtlesim/share/turtlesim/srv/SetPen_Request.msg
[56.195s] -- Installing: /home/ahmadaw/MAPF_RoboSim/ros2_ws/install/turtlesim/share/turtlesim/srv/SetPen_Response.msg
[56.195s] -- Installing: /home/ahmadaw/MAPF_RoboSim/ros2_ws/install/turtlesim/share/turtlesim/srv/Spawn.srv
[56.195s] -- Installing: /home/ahmadaw/MAPF_RoboSim/ros2_ws/install/turtlesim/share/turtlesim/srv/Spawn_Request.msg
[56.196s] -- Installing: /home/ahmadaw/MAPF_RoboSim/ros2_ws/install/turtlesim/share/turtlesim/srv/Spawn_Response.msg
[56.196s] -- Installing: /home/ahmadaw/MAPF_RoboSim/ros2_ws/install/turtlesim/share/turtlesim/srv/TeleportAbsolute.srv
[56.197s] -- Installing: /home/ahmadaw/MAPF_RoboSim/ros2_ws/install/turtlesim/share/turtlesim/srv/TeleportAbsolute_Request.msg
[56.197s] -- Installing: /home/ahmadaw/MAPF_RoboSim/ros2_ws/install/turtlesim/share/turtlesim/srv/TeleportAbsolute_Response.msg
[56.197s] -- Installing: /home/ahmadaw/MAPF_RoboSim/ros2_ws/install/turtlesim/share/turtlesim/srv/TeleportRelative.srv
[56.197s] -- Installing: /home/ahmadaw/MAPF_RoboSim/ros2_ws/install/turtlesim/share/turtlesim/srv/TeleportRelative_Request.msg
[56.197s] -- Installing: /home/ahmadaw/MAPF_RoboSim/ros2_ws/install/turtlesim/share/turtlesim/srv/TeleportRelative_Response.msg
[56.198s] -- Installing: /home/ahmadaw/MAPF_RoboSim/ros2_ws/install/turtlesim/lib/turtlesim/turtlesim_node
[56.208s] -- Set runtime path of "/home/ahmadaw/MAPF_RoboSim/ros2_ws/install/turtlesim/lib/turtlesim/turtlesim_node" to ""
[56.208s] -- Installing: /home/ahmadaw/MAPF_RoboSim/ros2_ws/install/turtlesim/lib/turtlesim/turtle_teleop_key
[56.211s] -- Set runtime path of "/home/ahmadaw/MAPF_RoboSim/ros2_ws/install/turtlesim/lib/turtlesim/turtle_teleop_key" to ""
[56.211s] -- Installing: /home/ahmadaw/MAPF_RoboSim/ros2_ws/install/turtlesim/lib/turtlesim/draw_square
[56.217s] -- Set runtime path of "/home/ahmadaw/MAPF_RoboSim/ros2_ws/install/turtlesim/lib/turtlesim/draw_square" to ""
[56.217s] -- Installing: /home/ahmadaw/MAPF_RoboSim/ros2_ws/install/turtlesim/lib/turtlesim/mimic
[56.220s] -- Set runtime path of "/home/ahmadaw/MAPF_RoboSim/ros2_ws/install/turtlesim/lib/turtlesim/mimic" to ""
[56.220s] -- Installing: /home/ahmadaw/MAPF_RoboSim/ros2_ws/install/turtlesim/share/turtlesim/images
[56.221s] -- Installing: /home/ahmadaw/MAPF_RoboSim/ros2_ws/install/turtlesim/share/turtlesim/images/eloquent.png
[56.221s] -- Installing: /home/ahmadaw/MAPF_RoboSim/ros2_ws/install/turtlesim/share/turtlesim/images/foxy.png
[56.222s] -- Installing: /home/ahmadaw/MAPF_RoboSim/ros2_ws/install/turtlesim/share/turtlesim/images/rolling.png
[56.222s] -- Installing: /home/ahmadaw/MAPF_RoboSim/ros2_ws/install/turtlesim/share/turtlesim/images/galactic.png
[56.222s] -- Installing: /home/ahmadaw/MAPF_RoboSim/ros2_ws/install/turtlesim/share/turtlesim/images/ardent.png
[56.222s] -- Installing: /home/ahmadaw/MAPF_RoboSim/ros2_ws/install/turtlesim/share/turtlesim/images/crystal.png
[56.223s] -- Installing: /home/ahmadaw/MAPF_RoboSim/ros2_ws/install/turtlesim/share/turtlesim/images/dashing.png
[56.223s] -- Installing: /home/ahmadaw/MAPF_RoboSim/ros2_ws/install/turtlesim/share/turtlesim/images/humble.png
[56.223s] -- Installing: /home/ahmadaw/MAPF_RoboSim/ros2_ws/install/turtlesim/share/turtlesim/images/bouncy.png
[56.223s] -- Installing: /home/ahmadaw/MAPF_RoboSim/ros2_ws/install/turtlesim/share/turtlesim/launch
[56.224s] -- Installing: /home/ahmadaw/MAPF_RoboSim/ros2_ws/install/turtlesim/share/turtlesim/launch/multisim.launch.py
[56.225s] -- Installing: /home/ahmadaw/MAPF_RoboSim/ros2_ws/install/turtlesim/share/ament_index/resource_index/package_run_dependencies/turtlesim
[56.225s] -- Installing: /home/ahmadaw/MAPF_RoboSim/ros2_ws/install/turtlesim/share/ament_index/resource_index/parent_prefix_path/turtlesim
[56.226s] -- Installing: /home/ahmadaw/MAPF_RoboSim/ros2_ws/install/turtlesim/share/turtlesim/environment/ament_prefix_path.sh
[56.226s] -- Installing: /home/ahmadaw/MAPF_RoboSim/ros2_ws/install/turtlesim/share/turtlesim/environment/ament_prefix_path.dsv
[56.227s] -- Installing: /home/ahmadaw/MAPF_RoboSim/ros2_ws/install/turtlesim/share/turtlesim/environment/path.sh
[56.227s] -- Installing: /home/ahmadaw/MAPF_RoboSim/ros2_ws/install/turtlesim/share/turtlesim/environment/path.dsv
[56.227s] -- Installing: /home/ahmadaw/MAPF_RoboSim/ros2_ws/install/turtlesim/share/turtlesim/local_setup.bash
[56.227s] -- Installing: /home/ahmadaw/MAPF_RoboSim/ros2_ws/install/turtlesim/share/turtlesim/local_setup.sh
[56.228s] -- Installing: /home/ahmadaw/MAPF_RoboSim/ros2_ws/install/turtlesim/share/turtlesim/local_setup.zsh
[56.228s] -- Installing: /home/ahmadaw/MAPF_RoboSim/ros2_ws/install/turtlesim/share/turtlesim/local_setup.dsv
[56.228s] -- Installing: /home/ahmadaw/MAPF_RoboSim/ros2_ws/install/turtlesim/share/turtlesim/package.dsv
[56.228s] -- Installing: /home/ahmadaw/MAPF_RoboSim/ros2_ws/install/turtlesim/share/ament_index/resource_index/packages/turtlesim
[56.229s] -- Installing: /home/ahmadaw/MAPF_RoboSim/ros2_ws/install/turtlesim/share/turtlesim/cmake/export_turtlesim__rosidl_generator_cExport.cmake
[56.230s] -- Installing: /home/ahmadaw/MAPF_RoboSim/ros2_ws/install/turtlesim/share/turtlesim/cmake/export_turtlesim__rosidl_generator_cExport-noconfig.cmake
[56.230s] -- Installing: /home/ahmadaw/MAPF_RoboSim/ros2_ws/install/turtlesim/share/turtlesim/cmake/export_turtlesim__rosidl_typesupport_fastrtps_cExport.cmake
[56.230s] -- Installing: /home/ahmadaw/MAPF_RoboSim/ros2_ws/install/turtlesim/share/turtlesim/cmake/export_turtlesim__rosidl_typesupport_fastrtps_cExport-noconfig.cmake
[56.231s] -- Installing: /home/ahmadaw/MAPF_RoboSim/ros2_ws/install/turtlesim/share/turtlesim/cmake/export_turtlesim__rosidl_generator_cppExport.cmake
[56.231s] -- Installing: /home/ahmadaw/MAPF_RoboSim/ros2_ws/install/turtlesim/share/turtlesim/cmake/export_turtlesim__rosidl_typesupport_fastrtps_cppExport.cmake
[56.232s] -- Installing: /home/ahmadaw/MAPF_RoboSim/ros2_ws/install/turtlesim/share/turtlesim/cmake/export_turtlesim__rosidl_typesupport_fastrtps_cppExport-noconfig.cmake
[56.232s] -- Installing: /home/ahmadaw/MAPF_RoboSim/ros2_ws/install/turtlesim/share/turtlesim/cmake/turtlesim__rosidl_typesupport_introspection_cExport.cmake
[56.233s] -- Installing: /home/ahmadaw/MAPF_RoboSim/ros2_ws/install/turtlesim/share/turtlesim/cmake/turtlesim__rosidl_typesupport_introspection_cExport-noconfig.cmake
[56.233s] -- Installing: /home/ahmadaw/MAPF_RoboSim/ros2_ws/install/turtlesim/share/turtlesim/cmake/turtlesim__rosidl_typesupport_cExport.cmake
[56.233s] -- Installing: /home/ahmadaw/MAPF_RoboSim/ros2_ws/install/turtlesim/share/turtlesim/cmake/turtlesim__rosidl_typesupport_cExport-noconfig.cmake
[56.234s] -- Installing: /home/ahmadaw/MAPF_RoboSim/ros2_ws/install/turtlesim/share/turtlesim/cmake/turtlesim__rosidl_typesupport_introspection_cppExport.cmake
[56.234s] -- Installing: /home/ahmadaw/MAPF_RoboSim/ros2_ws/install/turtlesim/share/turtlesim/cmake/turtlesim__rosidl_typesupport_introspection_cppExport-noconfig.cmake
[56.235s] -- Installing: /home/ahmadaw/MAPF_RoboSim/ros2_ws/install/turtlesim/share/turtlesim/cmake/turtlesim__rosidl_typesupport_cppExport.cmake
[56.235s] -- Installing: /home/ahmadaw/MAPF_RoboSim/ros2_ws/install/turtlesim/share/turtlesim/cmake/turtlesim__rosidl_typesupport_cppExport-noconfig.cmake
[56.236s] -- Installing: /home/ahmadaw/MAPF_RoboSim/ros2_ws/install/turtlesim/share/turtlesim/cmake/export_turtlesim__rosidl_generator_pyExport.cmake
[56.236s] -- Installing: /home/ahmadaw/MAPF_RoboSim/ros2_ws/install/turtlesim/share/turtlesim/cmake/export_turtlesim__rosidl_generator_pyExport-noconfig.cmake
[56.237s] -- Installing: /home/ahmadaw/MAPF_RoboSim/ros2_ws/install/turtlesim/share/turtlesim/cmake/rosidl_cmake-extras.cmake
[56.238s] -- Installing: /home/ahmadaw/MAPF_RoboSim/ros2_ws/install/turtlesim/share/turtlesim/cmake/ament_cmake_export_dependencies-extras.cmake
[56.238s] -- Installing: /home/ahmadaw/MAPF_RoboSim/ros2_ws/install/turtlesim/share/turtlesim/cmake/ament_cmake_export_include_directories-extras.cmake
[56.240s] -- Installing: /home/ahmadaw/MAPF_RoboSim/ros2_ws/install/turtlesim/share/turtlesim/cmake/ament_cmake_export_libraries-extras.cmake
[56.241s] -- Installing: /home/ahmadaw/MAPF_RoboSim/ros2_ws/install/turtlesim/share/turtlesim/cmake/ament_cmake_export_targets-extras.cmake
[56.241s] -- Installing: /home/ahmadaw/MAPF_RoboSim/ros2_ws/install/turtlesim/share/turtlesim/cmake/rosidl_cmake_export_typesupport_targets-extras.cmake
[56.241s] -- Installing: /home/ahmadaw/MAPF_RoboSim/ros2_ws/install/turtlesim/share/turtlesim/cmake/rosidl_cmake_export_typesupport_libraries-extras.cmake
[56.241s] -- Installing: /home/ahmadaw/MAPF_RoboSim/ros2_ws/install/turtlesim/share/turtlesim/cmake/turtlesimConfig.cmake
[56.242s] -- Installing: /home/ahmadaw/MAPF_RoboSim/ros2_ws/install/turtlesim/share/turtlesim/cmake/turtlesimConfig-version.cmake
[56.242s] -- Installing: /home/ahmadaw/MAPF_RoboSim/ros2_ws/install/turtlesim/share/turtlesim/package.xml
[56.248s] Invoked command in '/home/ahmadaw/MAPF_RoboSim/ros2_ws/build/turtlesim' returned '0': CMAKE_PREFIX_PATH=${CMAKE_PREFIX_PATH}:/home/ahmadaw/turtlebot3_ws/install/turtlebot3_teleop:/home/ahmadaw/turtlebot3_ws/install/turtlebot3_example:/home/ahmadaw/ros2_ws/install/a_star_tb3:/opt/ros/humble /usr/bin/cmake --install /home/ahmadaw/MAPF_RoboSim/ros2_ws/build/turtlesim
